2019-04-26 07:47:53 INFO  BaseUITest:88 - Started building basic setup to run test suites...
2019-04-26 07:47:53 INFO  Log:88 - Basic setup is completed and launching 'CHROME' browser to run test suites...
2019-04-26 07:47:54 ERROR BaseSelenium:82 - The driver executable does not exist: C:\Users\aq4'july\workspace\automationJars\chromedriver.exe
2019-04-26 07:47:54 ERROR BaseSelenium:82 - The driver executable does not exist: C:\Users\aq4'july\workspace\automationJars\chromedriver.exe
2019-04-26 07:47:54 ERROR Log:82 - nullnull
2019-04-26 07:47:54 ERROR Log:82 - Failed to load home page, Can't proceed with test execution.Failed to load home page, Can't proceed with test execution.
2019-04-26 10:59:10 INFO  BaseUITest:88 - Started building basic setup to run test suites...
2019-04-26 10:59:19 INFO  Log:88 - Basic setup is completed and launching 'CHROME' browser to run test suites...
2019-04-26 10:59:23 ERROR BaseSelenium:82 - The driver executable does not exist: C:\Users\aq4'july\workspace\automationJars\chromedriver.exe
2019-04-26 10:59:23 ERROR BaseSelenium:82 - The driver executable does not exist: C:\Users\aq4'july\workspace\automationJars\chromedriver.exe
2019-04-26 10:59:23 ERROR Log:82 - nullnull
2019-04-26 11:00:33 ERROR Log:82 - Failed to load home page, Can't proceed with test execution.Failed to load home page, Can't proceed with test execution.
2019-04-26 11:00:46 INFO  BaseUITest:88 - Started building basic setup to run test suites...
2019-04-26 11:00:48 INFO  Log:88 - Basic setup is completed and launching 'CHROME' browser to run test suites...
2019-04-26 11:01:56 ERROR BaseSelenium:82 - The driver executable does not exist: C:\Users\aq4'july\workspace\automationJars\chromedriver.exe
2019-04-26 11:24:16 INFO  BaseUITest:88 - Started building basic setup to run test suites...
2019-04-26 11:24:22 INFO  Log:88 - Basic setup is completed and launching 'CHROME' browser to run test suites...
2019-04-26 11:25:39 ERROR BaseSelenium:82 - invalid session id
  (Driver info: chromedriver=74.0.3729.6 (255758eccf3d244491b8a1317aa76e1ce10d57e9-refs/branch-heads/3729@{#29}),platform=Windows NT 6.1.7601 SP1 x86_64) (WARNING: The server did not provide any stacktrace information)
Command duration or timeout: 190 milliseconds
Build info: version: '3.3.1', revision: '5234b325d5', time: '2017-03-10 09:10:29 +0000'
System info: host: 'TSD-PRATIKSHYA', ip: '192.168.10.168', os.name: 'Windows 7', os.arch: 'amd64', os.version: '6.1', java.version: '1.8.0_191'
Driver info: org.openqa.selenium.chrome.ChromeDriver
Capabilities [{message=session not created: This version of ChromeDriver only supports Chrome version 74
  (Driver info: chromedriver=74.0.3729.6 (255758eccf3d244491b8a1317aa76e1ce10d57e9-refs/branch-heads/3729@{#29}),platform=Windows NT 6.1.7601 SP1 x86_64), platform=ANY}]
Session ID: f67ffaa119ac4a5890da17808176d01f
2019-04-26 19:18:28 INFO  BaseUITest:88 - Started building basic setup to run test suites...
2019-04-26 19:18:30 INFO  Log:88 - Basic setup is completed and launching 'CHROME' browser to run test suites...
2019-04-26 21:22:43 INFO  Log:88 - Page loaded successfully. Starting test suites execution @ 2019-04-26 21:22:42.582 
------------------------------------------------------------------------------------------------------------------------- 
Test Cases Execution: 

2019-04-26 22:35:54 INFO  Log:88 - TestCase - VerifyHomePage, started @ 2019-04-26 22:35:54.081  
------------------------------------------------------------------------------------------------------------------------- 
Description: Validates the curent url of HomePage Load.. 
Test Steps: 
 1.  Browse Benchmark url .
 2. Get the curremt url.
 3.Validates the current url.

2019-04-27 11:31:45 INFO  Log:88 - TestCase - VerifyHomePage, started @ 2019-04-27 11:31:45.198  
------------------------------------------------------------------------------------------------------------------------- 
Description: Validates the curent url of HomePage Load.. 
Test Steps: 
 1.  Browse Benchmark url .
 2. Get the curremt url.
 3.Validates the current url.

2019-04-27 12:17:52 INFO  Log:88 - TestCase - VerifyHomePage, started @ 2019-04-27 12:17:52.624  
------------------------------------------------------------------------------------------------------------------------- 
Description: Validates the curent url of HomePage Load.. 
Test Steps: 
 1.  Browse Benchmark url .
 2. Get the curremt url.
 3.Validates the current url.

2019-04-27 12:18:16 INFO  Log:88 - TestCase - VerifyHomePage, execution completed with failures...@ 2019-04-27 12:18:16.350 
-------------------------------------------------------------------------------------------------------------------------
2019-04-27 12:37:38 INFO  Log:88 - TestCase - VerifyHomePage, started @ 2019-04-27 12:37:38.711  
------------------------------------------------------------------------------------------------------------------------- 
Description: Validates the curent url of HomePage Load.. 
Test Steps: 
 1.  Browse Benchmark url .
 2. Get the curremt url.
 3.Validates the current url.

2019-04-27 12:43:52 INFO  Log:88 - TestCase - VerifyHomePage, started @ 2019-04-27 12:43:52.642  
------------------------------------------------------------------------------------------------------------------------- 
Description: Validates the curent url of HomePage Load.. 
Test Steps: 
 1.  Browse Benchmark url .
 2. Get the curremt url.
 3.Validates the current url.

2019-04-27 13:38:13 INFO  Log:88 - TestCase - VerifyHomePage, started @ 2019-04-27 13:38:13.845  
------------------------------------------------------------------------------------------------------------------------- 
Description: Validates the curent url of HomePage Load.. 
Test Steps: 
 1.  Browse Benchmark url .
 2. Get the curremt url.
 3.Validates the current url.

2019-04-27 13:41:29 INFO  Log:88 - TestCase - VerifyHomePage, started @ 2019-04-27 13:41:29.798  
------------------------------------------------------------------------------------------------------------------------- 
Description: Validates the curent url of HomePage Load.. 
Test Steps: 
 1.  Browse Benchmark url .
 2. Get the curremt url.
 3.Validates the current url.

2019-04-27 13:44:29 INFO  Log:88 - TestCase - VerifyHomePage, started @ 2019-04-27 13:44:29.457  
------------------------------------------------------------------------------------------------------------------------- 
Description: Validates the curent url of HomePage Load.. 
Test Steps: 
 1.  Browse Benchmark url .
 2. Get the curremt url.
 3.Validates the current url.

2019-04-27 13:45:15 INFO  Log:88 - TestCase - VerifyHomePage, started @ 2019-04-27 13:45:15.155  
------------------------------------------------------------------------------------------------------------------------- 
Description: Validates the curent url of HomePage Load.. 
Test Steps: 
 1.  Browse Benchmark url .
 2. Get the curremt url.
 3.Validates the current url.

2019-04-27 13:53:30 INFO  Log:88 - TestCase - VerifyHomePage, started @ 2019-04-27 13:53:30.710  
------------------------------------------------------------------------------------------------------------------------- 
Description: Validates the curent url of HomePage Load.. 
Test Steps: 
 1.  Browse Benchmark url .
 2. Get the curremt url.
 3.Validates the current url.

2019-04-27 19:04:04 INFO  Log:88 - TestCase - VerifyHomePage, started @ 2019-04-27 19:04:04.176  
------------------------------------------------------------------------------------------------------------------------- 
Description: Validates the curent url of HomePage Load.. 
Test Steps: 
 1.  Browse Benchmark url .
 2. Get the curremt url.
 3.Validates the current url.

2019-04-27 19:05:24 INFO  Log:88 - TestCase - VerifyHomePage, started @ 2019-04-27 19:05:24.283  
------------------------------------------------------------------------------------------------------------------------- 
Description: Validates the curent url of HomePage Load.. 
Test Steps: 
 1.  Browse Benchmark url .
 2. Get the curremt url.
 3.Validates the current url.

2019-04-27 19:09:47 INFO  Log:88 - TestCase - VerifyHomePage, started @ 2019-04-27 19:09:47.510  
------------------------------------------------------------------------------------------------------------------------- 
Description: Validates the curent url of HomePage Load.. 
Test Steps: 
 1.  Browse Benchmark url .
 2. Get the curremt url.
 3.Validates the current url.

2019-04-27 19:12:02 INFO  Log:88 - TestCase - VerifyHomePage, execution completed successfully...@ 2019-04-27 19:12:02.448 
-------------------------------------------------------------------------------------------------------------------------
2019-04-27 19:14:56 INFO  Log:88 - TestCase - VerifyHomePage, started @ 2019-04-27 19:14:56.729  
------------------------------------------------------------------------------------------------------------------------- 
Description: Validates the curent url of HomePage Load.. 
Test Steps: 
 1.  Browse Benchmark url .
 2. Get the curremt url.
 3.Validates the current url.

2019-04-27 19:17:23 INFO  Log:88 - TestCase - VerifyHomePage, execution completed successfully...@ 2019-04-27 19:17:14.703 
-------------------------------------------------------------------------------------------------------------------------
2019-04-27 19:21:38 INFO  Log:88 - TestCase - VerifyHomePage, started @ 2019-04-27 19:21:38.729  
------------------------------------------------------------------------------------------------------------------------- 
Description: Validates the curent url of HomePage Load.. 
Test Steps: 
 1.  Browse Benchmark url .
 2. Get the curremt url.
 3.Validates the current url.

2019-04-27 19:21:55 INFO  Log:88 - TestCase - VerifyHomePage, execution completed successfully...@ 2019-04-27 19:21:55.267 
-------------------------------------------------------------------------------------------------------------------------
2019-04-27 19:23:29 INFO  Log:88 - TestCase - VerifyHomePage, started @ 2019-04-27 19:23:29.004  
------------------------------------------------------------------------------------------------------------------------- 
Description: Validates the curent url of HomePage Load.. 
Test Steps: 
 1.  Browse Benchmark url .
 2. Get the curremt url.
 3.Validates the current url.

2019-04-27 19:26:41 INFO  Log:88 - TestCase - VerifyHomePage, started @ 2019-04-27 19:26:41.513  
------------------------------------------------------------------------------------------------------------------------- 
Description: Validates the curent url of HomePage Load.. 
Test Steps: 
 1.  Browse Benchmark url .
 2. Get the curremt url.
 3.Validates the current url.

2019-04-27 19:29:20 INFO  Log:88 - TestCase - VerifyHomePage, started @ 2019-04-27 19:29:20.593  
------------------------------------------------------------------------------------------------------------------------- 
Description: Validates the curent url of HomePage Load.. 
Test Steps: 
 1.  Browse Benchmark url .
 2. Get the curremt url.
 3.Validates the current url.

2019-04-27 19:49:17 INFO  Log:88 - TestCase - VerifyHomePage, started @ 2019-04-27 19:49:17.365  
------------------------------------------------------------------------------------------------------------------------- 
Description: Validates the curent url of HomePage Load.. 
Test Steps: 
 1.  Browse Benchmark url .
 2. Get the curremt url.
 3.Validates the current url.

2019-04-27 19:49:33 INFO  Log:88 - TestCase - VerifyHomePage, execution completed successfully...@ 2019-04-27 19:49:33.926 
-------------------------------------------------------------------------------------------------------------------------
2019-04-27 19:54:27 INFO  Log:88 - TestCase - VerifyHomePage, started @ 2019-04-27 19:54:27.144  
------------------------------------------------------------------------------------------------------------------------- 
Description: Validates the curent url of HomePage Load.. 
Test Steps: 
 1.  Browse Benchmark url .
 2. Get the curremt url.
 3.Validates the current url.

2019-04-27 19:54:43 INFO  Log:88 - TestCase - VerifyHomePage, execution completed successfully...@ 2019-04-27 19:54:43.682 
-------------------------------------------------------------------------------------------------------------------------
2019-04-27 20:52:12 INFO  Log:88 - TestCase - VerifyHomePage, started @ 2019-04-27 20:52:12.566  
------------------------------------------------------------------------------------------------------------------------- 
Description: Validates the curent url of HomePage Load.. 
Test Steps: 
 1.  Browse Benchmark url .
 2. Get the curremt url.
 3.Validates the current url.

2019-04-27 20:53:50 INFO  Log:88 - TestCase - VerifyHomePage, started @ 2019-04-27 20:53:50.966  
------------------------------------------------------------------------------------------------------------------------- 
Description: Validates the curent url of HomePage Load.. 
Test Steps: 
 1.  Browse Benchmark url .
 2. Get the curremt url.
 3.Validates the current url.

2019-04-27 20:54:07 INFO  Log:88 - TestCase - VerifyHomePage, execution completed with failures...@ 2019-04-27 20:54:07.696 
-------------------------------------------------------------------------------------------------------------------------
2019-04-27 20:54:35 INFO  Log:88 - TestCase - VerifyHomePage, started @ 2019-04-27 20:54:35.280  
------------------------------------------------------------------------------------------------------------------------- 
Description: Validates the curent url of HomePage Load.. 
Test Steps: 
 1.  Browse Benchmark url .
 2. Get the curremt url.
 3.Validates the current url.

2019-04-27 21:05:50 INFO  Log:88 - TestCase - VerifyHomePage, started @ 2019-04-27 21:05:50.278  
------------------------------------------------------------------------------------------------------------------------- 
Description: Validates the curent url of HomePage Load.. 
Test Steps: 
 1.  Browse Benchmark url .
 2. Get the curremt url.
 3.Validates the current url.

2019-04-28 20:22:59 INFO  Log:88 - TestCase - VerifyHomePage, started @ 2019-04-28 20:22:59.707  
------------------------------------------------------------------------------------------------------------------------- 
Description: Validates the curent url of HomePage Load.. 
Test Steps: 
 1.  Browse Benchmark url .
 2. Get the curremt url.
 3.Validates the current url.

2019-04-28 20:24:10 INFO  Log:88 - TestCase - VerifyHomePage, started @ 2019-04-28 20:24:10.336  
------------------------------------------------------------------------------------------------------------------------- 
Description: Validates the curent url of HomePage Load.. 
Test Steps: 
 1.  Browse Benchmark url .
 2. Get the curremt url.
 3.Validates the current url.

2019-04-28 20:26:25 INFO  Log:88 - TestCase - VerifyHomePage, started @ 2019-04-28 20:26:25.588  
------------------------------------------------------------------------------------------------------------------------- 
Description: Validates the curent url of HomePage Load.. 
Test Steps: 
 1.  Browse Benchmark url .
 2. Get the curremt url.
 3.Validates the current url.

2019-04-28 20:27:50 INFO  Log:88 - TestCase - VerifyHomePage, started @ 2019-04-28 20:27:50.976  
------------------------------------------------------------------------------------------------------------------------- 
Description: Validates the curent url of HomePage Load.. 
Test Steps: 
 1.  Browse Benchmark url .
 2. Get the curremt url.
 3.Validates the current url.

2019-04-28 20:29:49 INFO  Log:88 - TestCase - VerifyHomePage, started @ 2019-04-28 20:29:49.694  
------------------------------------------------------------------------------------------------------------------------- 
Description: Validates the curent url of HomePage Load.. 
Test Steps: 
 1.  Browse Benchmark url .
 2. Get the curremt url.
 3.Validates the current url.

2019-04-28 20:34:26 INFO  Log:88 - TestCase - VerifyHomePage, started @ 2019-04-28 20:34:26.860  
------------------------------------------------------------------------------------------------------------------------- 
Description: Validates the curent url of HomePage Load.. 
Test Steps: 
 1.  Browse Benchmark url .
 2. Get the curremt url.
 3.Validates the current url.

2019-04-28 20:37:10 INFO  Log:88 - TestCase - VerifyHomePage, started @ 2019-04-28 20:37:10.235  
------------------------------------------------------------------------------------------------------------------------- 
Description: Validates the curent url of HomePage Load.. 
Test Steps: 
 1.  Browse Benchmark url .
 2. Get the curremt url.
 3.Validates the current url.

2019-04-28 20:37:14 INFO  Log:88 - TestCase - VerifyHomePage, execution completed successfully...@ 2019-04-28 20:37:14.815 
-------------------------------------------------------------------------------------------------------------------------
2019-04-28 20:38:13 INFO  Log:88 - TestCase - VerifyHomePage, started @ 2019-04-28 20:38:13.247  
------------------------------------------------------------------------------------------------------------------------- 
Description: Validates the curent url of HomePage Load.. 
Test Steps: 
 1.  Browse Benchmark url .
 2. Get the curremt url.
 3.Validates the current url.

2019-04-28 20:39:01 INFO  Log:88 - TestCase - VerifyHomePage, started @ 2019-04-28 20:39:01.355  
------------------------------------------------------------------------------------------------------------------------- 
Description: Validates the curent url of HomePage Load.. 
Test Steps: 
 1.  Browse Benchmark url .
 2. Get the curremt url.
 3.Validates the current url.

2019-04-29 11:03:11 INFO  Log:88 - TestCase - VerifyHomePage, started @ 2019-04-29 11:03:11.061  
------------------------------------------------------------------------------------------------------------------------- 
Description: Validates the curent url of HomePage Load.. 
Test Steps: 
 1.  Browse Benchmark url .
 2. Get the curremt url.
 3.Validates the current url.

2019-04-29 11:09:26 INFO  Log:88 - TestCase - VerifyLoginPageORR, started @ 2019-04-29 11:09:26.593  
------------------------------------------------------------------------------------------------------------------------- 
Description: Validate Login Page. 
Test Steps: 
 Login Page UI Validation

2019-04-29 12:35:43 INFO  Log:88 - TestCase - VerifyLoginPageORR, started @ 2019-04-29 12:35:43.116  
------------------------------------------------------------------------------------------------------------------------- 
Description: Validate Login Page. 
Test Steps: 
 Login Page UI Validation

2019-04-29 12:36:21 INFO  Log:88 - TestCase - VerifyLoginPageORR, started @ 2019-04-29 12:36:21.928  
------------------------------------------------------------------------------------------------------------------------- 
Description: Validate Login Page. 
Test Steps: 
 Login Page UI Validation

2019-04-29 12:45:17 INFO  Log:88 - TestCase - VerifyLoginPageORR, started @ 2019-04-29 12:45:17.449  
------------------------------------------------------------------------------------------------------------------------- 
Description: Validate Login Page. 
Test Steps: 
 Login Page UI Validation

2019-04-29 12:47:57 INFO  Log:88 - TestCase - VerifyLoginPageORR, started @ 2019-04-29 12:47:57.344  
------------------------------------------------------------------------------------------------------------------------- 
Description: Validate Login Page. 
Test Steps: 
 Login Page UI Validation

2019-04-29 12:49:01 INFO  Log:88 - TestCase - VerifyLoginPageORR, started @ 2019-04-29 12:49:01.606  
------------------------------------------------------------------------------------------------------------------------- 
Description: Validate Login Page. 
Test Steps: 
 Login Page UI Validation

2019-04-29 13:09:30 INFO  Log:88 - TestCase - VerifyLoginPageORR, started @ 2019-04-29 13:09:30.223  
------------------------------------------------------------------------------------------------------------------------- 
Description: Validate Login Page. 
Test Steps: 
 Login Page UI Validation

2019-04-29 13:20:07 INFO  Log:88 - TestCase - VerifyLoginPageORR, started @ 2019-04-29 13:20:07.774  
------------------------------------------------------------------------------------------------------------------------- 
Description: Validate Login Page. 
Test Steps: 
 Login Page UI Validation

2019-04-29 14:58:58 ERROR SeleniumWrapper:82 - org.openqa.selenium.WebDriverException: chrome not reachable
  (Session info: chrome=74.0.3729.108)
  (Driver info: chromedriver=74.0.3729.6 (255758eccf3d244491b8a1317aa76e1ce10d57e9-refs/branch-heads/3729@{#29}),platform=Windows NT 6.1.7601 SP1 x86_64) (WARNING: The server did not provide any stacktrace information)
Command duration or timeout: 4.15 seconds
Build info: version: '3.3.1', revision: '5234b325d5', time: '2017-03-10 09:10:29 +0000'
System info: host: 'TSD-PRATIKSHYA', ip: '192.168.10.168', os.name: 'Windows 7', os.arch: 'amd64', os.version: '6.1', java.version: '1.8.0_191'
Driver info: org.openqa.selenium.chrome.ChromeDriver
Capabilities [{mobileEmulationEnabled=false, timeouts={implicit=0, pageLoad=300000, script=30000}, hasTouchScreen=false, platform=XP, acceptSslCerts=false, goog:chromeOptions={debuggerAddress=localhost:55636}, acceptInsecureCerts=false, webStorageEnabled=true, browserName=chrome, takesScreenshot=true, javascriptEnabled=true, setWindowRect=true, unexpectedAlertBehaviour=ignore, applicationCacheEnabled=false, rotatable=false, networkConnectionEnabled=false, chrome={chromedriverVersion=74.0.3729.6 (255758eccf3d244491b8a1317aa76e1ce10d57e9-refs/branch-heads/3729@{#29}), userDataDir=C:\Users\PRATIK~1.S\AppData\Local\Temp\scoped_dir2948_18951}, takesHeapSnapshot=true, pageLoadStrategy=normal, strictFileInteractability=false, databaseEnabled=false, handlesAlerts=true, version=74.0.3729.108, browserConnectionEnabled=false, proxy={}, nativeEvents=true, locationContextEnabled=true, cssSelectorsEnabled=true}]
Session ID: cced96916225f8ff6ca73a6ae4a34d40
*** Element info: {Using=xpath, value=//input[@name='username']}
2019-04-29 14:59:08 ERROR Log:82 - WebDriverException while capturing screenshotorg.openqa.selenium.WebDriverException: chrome not reachable
  (Session info: chrome=74.0.3729.108)
  (Driver info: chromedriver=74.0.3729.6 (255758eccf3d244491b8a1317aa76e1ce10d57e9-refs/branch-heads/3729@{#29}),platform=Windows NT 6.1.7601 SP1 x86_64) (WARNING: The server did not provide any stacktrace information)
Command duration or timeout: 6.02 seconds
Build info: version: '3.3.1', revision: '5234b325d5', time: '2017-03-10 09:10:29 +0000'
System info: host: 'TSD-PRATIKSHYA', ip: '192.168.10.168', os.name: 'Windows 7', os.arch: 'amd64', os.version: '6.1', java.version: '1.8.0_191'
Driver info: org.openqa.selenium.chrome.ChromeDriver
Capabilities [{mobileEmulationEnabled=false, timeouts={implicit=0, pageLoad=300000, script=30000}, hasTouchScreen=false, platform=XP, acceptSslCerts=false, goog:chromeOptions={debuggerAddress=localhost:55636}, acceptInsecureCerts=false, webStorageEnabled=true, browserName=chrome, takesScreenshot=true, javascriptEnabled=true, setWindowRect=true, unexpectedAlertBehaviour=ignore, applicationCacheEnabled=false, rotatable=false, networkConnectionEnabled=false, chrome={chromedriverVersion=74.0.3729.6 (255758eccf3d244491b8a1317aa76e1ce10d57e9-refs/branch-heads/3729@{#29}), userDataDir=C:\Users\PRATIK~1.S\AppData\Local\Temp\scoped_dir2948_18951}, takesHeapSnapshot=true, pageLoadStrategy=normal, strictFileInteractability=false, databaseEnabled=false, handlesAlerts=true, version=74.0.3729.108, browserConnectionEnabled=false, proxy={}, nativeEvents=true, locationContextEnabled=true, cssSelectorsEnabled=true}]
Session ID: cced96916225f8ff6ca73a6ae4a34d40WebDriverException while capturing screenshotorg.openqa.selenium.WebDriverException: chrome not reachable
  (Session info: chrome=74.0.3729.108)
  (Driver info: chromedriver=74.0.3729.6 (255758eccf3d244491b8a1317aa76e1ce10d57e9-refs/branch-heads/3729@{#29}),platform=Windows NT 6.1.7601 SP1 x86_64) (WARNING: The server did not provide any stacktrace information)
Command duration or timeout: 6.02 seconds
Build info: version: '3.3.1', revision: '5234b325d5', time: '2017-03-10 09:10:29 +0000'
System info: host: 'TSD-PRATIKSHYA', ip: '192.168.10.168', os.name: 'Windows 7', os.arch: 'amd64', os.version: '6.1', java.version: '1.8.0_191'
Driver info: org.openqa.selenium.chrome.ChromeDriver
Capabilities [{mobileEmulationEnabled=false, timeouts={implicit=0, pageLoad=300000, script=30000}, hasTouchScreen=false, platform=XP, acceptSslCerts=false, goog:chromeOptions={debuggerAddress=localhost:55636}, acceptInsecureCerts=false, webStorageEnabled=true, browserName=chrome, takesScreenshot=true, javascriptEnabled=true, setWindowRect=true, unexpectedAlertBehaviour=ignore, applicationCacheEnabled=false, rotatable=false, networkConnectionEnabled=false, chrome={chromedriverVersion=74.0.3729.6 (255758eccf3d244491b8a1317aa76e1ce10d57e9-refs/branch-heads/3729@{#29}), userDataDir=C:\Users\PRATIK~1.S\AppData\Local\Temp\scoped_dir2948_18951}, takesHeapSnapshot=true, pageLoadStrategy=normal, strictFileInteractability=false, databaseEnabled=false, handlesAlerts=true, version=74.0.3729.108, browserConnectionEnabled=false, proxy={}, nativeEvents=true, locationContextEnabled=true, cssSelectorsEnabled=true}]
Session ID: cced96916225f8ff6ca73a6ae4a34d40
2019-04-29 14:59:27 INFO  Log:88 - TestCase - VerifyLoginPageORR, started @ 2019-04-29 14:59:27.725  
------------------------------------------------------------------------------------------------------------------------- 
Description: Validate Login Page. 
Test Steps: 
 Login Page UI Validation

2019-04-29 15:00:25 INFO  Log:88 - TestCase - VerifyLoginPageORR, started @ 2019-04-29 15:00:25.468  
------------------------------------------------------------------------------------------------------------------------- 
Description: Validate Login Page. 
Test Steps: 
 Login Page UI Validation

2019-04-29 16:46:44 INFO  Log:88 - TestCase - VerifyLoginPageORR, started @ 2019-04-29 16:46:44.027  
------------------------------------------------------------------------------------------------------------------------- 
Description: Validate Login Page. 
Test Steps: 
 Login Page UI Validation

2019-04-29 17:23:06 INFO  Log:88 - TestCase - VerifyLoginPageORR, started @ 2019-04-29 17:23:06.637  
------------------------------------------------------------------------------------------------------------------------- 
Description: Validate Login Page. 
Test Steps: 
 Login Page UI Validation

2019-04-29 17:34:58 INFO  Log:88 - TestCase - VerifyLoginPageORR, started @ 2019-04-29 17:34:58.137  
------------------------------------------------------------------------------------------------------------------------- 
Description: Validate Login Page. 
Test Steps: 
 Login Page UI Validation

2019-04-29 17:36:54 INFO  Log:88 - TestCase - VerifyLoginPageORR, started @ 2019-04-29 17:36:54.968  
------------------------------------------------------------------------------------------------------------------------- 
Description: Validate Login Page. 
Test Steps: 
 Login Page UI Validation

2019-04-29 17:44:23 INFO  Log:88 - TestCase - VerifyLoginPageORR, started @ 2019-04-29 17:44:23.023  
------------------------------------------------------------------------------------------------------------------------- 
Description: Validate Login Page. 
Test Steps: 
 Login Page UI Validation

2019-04-29 17:45:13 INFO  Log:88 - TestCase - VerifyLoginPageORR, started @ 2019-04-29 17:45:13.410  
------------------------------------------------------------------------------------------------------------------------- 
Description: Validate Login Page. 
Test Steps: 
 Login Page UI Validation

2019-04-29 17:45:27 INFO  Log:88 - TestCase - VerifyLoginPageORR, started @ 2019-04-29 17:45:27.841  
------------------------------------------------------------------------------------------------------------------------- 
Description: Validate Login Page. 
Test Steps: 
 Login Page UI Validation

2019-04-30 08:28:29 INFO  Log:88 - TestCase - VerifyLoginPageORR, started @ 2019-04-30 08:28:29.934  
------------------------------------------------------------------------------------------------------------------------- 
Description: Validate Login Page. 
Test Steps: 
 Login Page UI Validation

2019-04-30 08:30:01 INFO  Log:88 - TestCase - VerifyLoginPageORR, started @ 2019-04-30 08:30:01.986  
------------------------------------------------------------------------------------------------------------------------- 
Description: Validate Login Page. 
Test Steps: 
 Login Page UI Validation

2019-05-03 12:43:19 INFO  Log:88 - TestCase - VerifyLoginPageORR, started @ 2019-05-03 12:43:19.630  
------------------------------------------------------------------------------------------------------------------------- 
Description: Validate Login Page. 
Test Steps: 
 Login Page UI Validation

2019-05-03 12:43:22 ERROR LoginPageValidationORR:82 - no such element: Unable to locate element: {"method":"xpath","selector":"//select[@class='field selectBox']"}
  (Session info: chrome=74.0.3729.108)
  (Driver info: chromedriver=74.0.3729.6 (255758eccf3d244491b8a1317aa76e1ce10d57e9-refs/branch-heads/3729@{#29}),platform=Windows NT 6.1.7601 SP1 x86_64) (WARNING: The server did not provide any stacktrace information)
Command duration or timeout: 0 milliseconds
For documentation on this error, please visit: https://www.seleniumhq.org/exceptions/no_such_element.html
Build info: version: '3.141.59', revision: 'e82be7d358', time: '2018-11-14T08:17:03'
System info: host: 'TSD-PRATIKSHYA', ip: '192.168.10.168', os.name: 'Windows 7', os.arch: 'amd64', os.version: '6.1', java.version: '1.8.0_191'
Driver info: org.openqa.selenium.chrome.ChromeDriver
Capabilities {acceptInsecureCerts: false, acceptSslCerts: false, applicationCacheEnabled: false, browserConnectionEnabled: false, browserName: chrome, chrome: {chromedriverVersion: 74.0.3729.6 (255758eccf3d24..., userDataDir: C:\Users\PRATIK~1.S\AppData...}, cssSelectorsEnabled: true, databaseEnabled: false, goog:chromeOptions: {debuggerAddress: localhost:59721}, handlesAlerts: true, hasTouchScreen: false, javascriptEnabled: true, locationContextEnabled: true, mobileEmulationEnabled: false, nativeEvents: true, networkConnectionEnabled: false, pageLoadStrategy: normal, platform: XP, platformName: XP, proxy: Proxy(), rotatable: false, setWindowRect: true, strictFileInteractability: false, takesHeapSnapshot: true, takesScreenshot: true, timeouts: {implicit: 0, pageLoad: 300000, script: 30000}, unexpectedAlertBehaviour: ignore, unhandledPromptBehavior: ignore, version: 74.0.3729.108, webStorageEnabled: true}
Session ID: ecab8a102ad046024ae7ef025440a976
*** Element info: {Using=xpath, value=//select[@class='field selectBox']}
2019-05-04 19:36:18 INFO  Log:88 - TestCase - VerifyLoginPageORR, started @ 2019-05-04 19:36:18.771  
------------------------------------------------------------------------------------------------------------------------- 
Description: Validate Login Page. 
Test Steps: 
 Login Page UI Validation

2019-05-04 19:36:22 ERROR LoginPageValidationORR:82 - no such element: Unable to locate element: {"method":"xpath","selector":"//select[@class='field selectBox']"}
  (Session info: chrome=74.0.3729.108)
  (Driver info: chromedriver=74.0.3729.6 (255758eccf3d244491b8a1317aa76e1ce10d57e9-refs/branch-heads/3729@{#29}),platform=Windows NT 6.1.7601 SP1 x86_64) (WARNING: The server did not provide any stacktrace information)
Command duration or timeout: 0 milliseconds
For documentation on this error, please visit: https://www.seleniumhq.org/exceptions/no_such_element.html
Build info: version: '3.141.59', revision: 'e82be7d358', time: '2018-11-14T08:17:03'
System info: host: 'TSD-PRATIKSHYA', ip: '192.168.10.168', os.name: 'Windows 7', os.arch: 'amd64', os.version: '6.1', java.version: '1.8.0_191'
Driver info: org.openqa.selenium.chrome.ChromeDriver
Capabilities {acceptInsecureCerts: false, acceptSslCerts: false, applicationCacheEnabled: false, browserConnectionEnabled: false, browserName: chrome, chrome: {chromedriverVersion: 74.0.3729.6 (255758eccf3d24..., userDataDir: C:\Users\PRATIK~1.S\AppData...}, cssSelectorsEnabled: true, databaseEnabled: false, goog:chromeOptions: {debuggerAddress: localhost:55700}, handlesAlerts: true, hasTouchScreen: false, javascriptEnabled: true, locationContextEnabled: true, mobileEmulationEnabled: false, nativeEvents: true, networkConnectionEnabled: false, pageLoadStrategy: normal, platform: XP, platformName: XP, proxy: Proxy(), rotatable: false, setWindowRect: true, strictFileInteractability: false, takesHeapSnapshot: true, takesScreenshot: true, timeouts: {implicit: 0, pageLoad: 300000, script: 30000}, unexpectedAlertBehaviour: ignore, unhandledPromptBehavior: ignore, version: 74.0.3729.108, webStorageEnabled: true}
Session ID: 0554f9059beb01c486baf02eada517b7
*** Element info: {Using=xpath, value=//select[@class='field selectBox']}
2019-05-04 19:37:16 INFO  Log:88 - TestCase - VerifyLoginPageORR, started @ 2019-05-04 19:37:16.129  
------------------------------------------------------------------------------------------------------------------------- 
Description: Validate Login Page. 
Test Steps: 
 Login Page UI Validation

2019-05-04 19:37:18 ERROR LoginPageValidationORR:82 - no such element: Unable to locate element: {"method":"xpath","selector":"//select[@class='field selectBox']"}
  (Session info: chrome=74.0.3729.108)
  (Driver info: chromedriver=74.0.3729.6 (255758eccf3d244491b8a1317aa76e1ce10d57e9-refs/branch-heads/3729@{#29}),platform=Windows NT 6.1.7601 SP1 x86_64) (WARNING: The server did not provide any stacktrace information)
Command duration or timeout: 0 milliseconds
For documentation on this error, please visit: https://www.seleniumhq.org/exceptions/no_such_element.html
Build info: version: '3.141.59', revision: 'e82be7d358', time: '2018-11-14T08:17:03'
System info: host: 'TSD-PRATIKSHYA', ip: '192.168.10.168', os.name: 'Windows 7', os.arch: 'amd64', os.version: '6.1', java.version: '1.8.0_191'
Driver info: org.openqa.selenium.chrome.ChromeDriver
Capabilities {acceptInsecureCerts: false, acceptSslCerts: false, applicationCacheEnabled: false, browserConnectionEnabled: false, browserName: chrome, chrome: {chromedriverVersion: 74.0.3729.6 (255758eccf3d24..., userDataDir: C:\Users\PRATIK~1.S\AppData...}, cssSelectorsEnabled: true, databaseEnabled: false, goog:chromeOptions: {debuggerAddress: localhost:55803}, handlesAlerts: true, hasTouchScreen: false, javascriptEnabled: true, locationContextEnabled: true, mobileEmulationEnabled: false, nativeEvents: true, networkConnectionEnabled: false, pageLoadStrategy: normal, platform: XP, platformName: XP, proxy: Proxy(), rotatable: false, setWindowRect: true, strictFileInteractability: false, takesHeapSnapshot: true, takesScreenshot: true, timeouts: {implicit: 0, pageLoad: 300000, script: 30000}, unexpectedAlertBehaviour: ignore, unhandledPromptBehavior: ignore, version: 74.0.3729.108, webStorageEnabled: true}
Session ID: 6d42680c4eadcca51cb5f06b2190a01b
*** Element info: {Using=xpath, value=//select[@class='field selectBox']}
2019-05-04 19:47:22 INFO  Log:88 - TestCase - VerifyLoginPageORR, started @ 2019-05-04 19:47:22.649  
------------------------------------------------------------------------------------------------------------------------- 
Description: Validate Login Page. 
Test Steps: 
 Login Page UI Validation

2019-05-04 20:10:07 INFO  Log:88 - TestCase - VerifyLoginPageORR, started @ 2019-05-04 20:10:07.497  
------------------------------------------------------------------------------------------------------------------------- 
Description: Validate Login Page. 
Test Steps: 
 Login Page UI Validation

2019-05-06 16:55:02 INFO  Log:88 - TestCase - VerifyLoginPageORR, started @ 2019-05-06 16:55:02.549  
------------------------------------------------------------------------------------------------------------------------- 
Description: Validate Login Page. 
Test Steps: 
 Login Page UI Validation

2019-05-07 15:54:38 INFO  Log:88 - TestCase - VerifyReportPageORR, started @ 2019-05-07 15:54:38.237  
------------------------------------------------------------------------------------------------------------------------- 
Description: Validate Report Page. 
Test Steps: 
 Report Page UI Validation

2019-05-07 16:48:01 INFO  Log:88 - TestCase - VerifyLoginPageORR, started @ 2019-05-07 16:48:01.587  
------------------------------------------------------------------------------------------------------------------------- 
Description: Validate Login Page. 
Test Steps: 
 Login Page UI Validation

2019-05-07 16:51:59 INFO  Log:88 - TestCase - VerifyReportPageORR, started @ 2019-05-07 16:51:59.501  
------------------------------------------------------------------------------------------------------------------------- 
Description: Validate Report Page. 
Test Steps: 
 Report Page UI Validation

2019-05-07 16:55:50 INFO  Log:88 - TestCase - VerifyReportPageORR, started @ 2019-05-07 16:55:50.444  
------------------------------------------------------------------------------------------------------------------------- 
Description: Validate Report Page. 
Test Steps: 
 Report Page UI Validation

2019-05-07 16:57:16 INFO  Log:88 - TestCase - VerifyReportPageORR, started @ 2019-05-07 16:57:16.359  
------------------------------------------------------------------------------------------------------------------------- 
Description: Validate Report Page. 
Test Steps: 
 Report Page UI Validation

2019-05-07 17:03:13 INFO  Log:88 - TestCase - VerifyReportPageORR, started @ 2019-05-07 17:03:13.014  
------------------------------------------------------------------------------------------------------------------------- 
Description: Validate Report Page. 
Test Steps: 
 Report Page UI Validation

2019-05-07 17:21:13 INFO  Log:88 - TestCase - VerifyReportPageORR, started @ 2019-05-07 17:21:13.506  
------------------------------------------------------------------------------------------------------------------------- 
Description: Validate Report Page. 
Test Steps: 
 Report Page UI Validation

2019-05-07 18:19:25 INFO  Log:88 - TestCase - VerifyReportPageORR, started @ 2019-05-07 18:19:25.531  
------------------------------------------------------------------------------------------------------------------------- 
Description: Validate Report Page. 
Test Steps: 
 Report Page UI Validation

2019-05-07 18:19:39 ERROR ReportPageOperationORR:82 - element click intercepted: Element <li class="">...</li> is not clickable at point (525, 43). Other element would receive the click: <div class="back-drop" style="cursor: progress;"></div>
  (Session info: chrome=74.0.3729.131)
  (Driver info: chromedriver=74.0.3729.6 (255758eccf3d244491b8a1317aa76e1ce10d57e9-refs/branch-heads/3729@{#29}),platform=Windows NT 6.1.7601 SP1 x86_64) (WARNING: The server did not provide any stacktrace information)
Command duration or timeout: 0 milliseconds
Build info: version: '3.141.59', revision: 'e82be7d358', time: '2018-11-14T08:17:03'
System info: host: 'TSD-PRATIKSHYA', ip: '192.168.10.168', os.name: 'Windows 7', os.arch: 'amd64', os.version: '6.1', java.version: '1.8.0_191'
Driver info: org.openqa.selenium.chrome.ChromeDriver
Capabilities {acceptInsecureCerts: false, acceptSslCerts: false, applicationCacheEnabled: false, browserConnectionEnabled: false, browserName: chrome, chrome: {chromedriverVersion: 74.0.3729.6 (255758eccf3d24..., userDataDir: C:\Users\PRATIK~1.S\AppData...}, cssSelectorsEnabled: true, databaseEnabled: false, goog:chromeOptions: {debuggerAddress: localhost:50731}, handlesAlerts: true, hasTouchScreen: false, javascriptEnabled: true, locationContextEnabled: true, mobileEmulationEnabled: false, nativeEvents: true, networkConnectionEnabled: false, pageLoadStrategy: normal, platform: XP, platformName: XP, proxy: Proxy(), rotatable: false, setWindowRect: true, strictFileInteractability: false, takesHeapSnapshot: true, takesScreenshot: true, timeouts: {implicit: 0, pageLoad: 300000, script: 30000}, unexpectedAlertBehaviour: ignore, unhandledPromptBehavior: ignore, version: 74.0.3729.131, webStorageEnabled: true}
Session ID: df6fab4903d1c633921c0bd016089eea
2019-05-08 09:25:12 INFO  Log:88 - TestCase - VerifyReportPageORR, started @ 2019-05-08 09:25:12.888  
------------------------------------------------------------------------------------------------------------------------- 
Description: Validate Report Page. 
Test Steps: 
 Report Page UI Validation

2019-05-08 09:26:23 INFO  Log:88 - TestCase - VerifyReportPageORR, started @ 2019-05-08 09:26:23.098  
------------------------------------------------------------------------------------------------------------------------- 
Description: Validate Report Page. 
Test Steps: 
 Report Page UI Validation

2019-05-08 09:26:36 ERROR ReportPageOperationORR:82 - element click intercepted: Element <li class="">...</li> is not clickable at point (525, 43). Other element would receive the click: <div class="back-drop" style="cursor: progress;"></div>
  (Session info: chrome=74.0.3729.131)
  (Driver info: chromedriver=74.0.3729.6 (255758eccf3d244491b8a1317aa76e1ce10d57e9-refs/branch-heads/3729@{#29}),platform=Windows NT 6.1.7601 SP1 x86_64) (WARNING: The server did not provide any stacktrace information)
Command duration or timeout: 0 milliseconds
Build info: version: '3.141.59', revision: 'e82be7d358', time: '2018-11-14T08:17:03'
System info: host: 'TSD-PRATIKSHYA', ip: '192.168.10.168', os.name: 'Windows 7', os.arch: 'amd64', os.version: '6.1', java.version: '1.8.0_191'
Driver info: org.openqa.selenium.chrome.ChromeDriver
Capabilities {acceptInsecureCerts: false, acceptSslCerts: false, applicationCacheEnabled: false, browserConnectionEnabled: false, browserName: chrome, chrome: {chromedriverVersion: 74.0.3729.6 (255758eccf3d24..., userDataDir: C:\Users\PRATIK~1.S\AppData...}, cssSelectorsEnabled: true, databaseEnabled: false, goog:chromeOptions: {debuggerAddress: localhost:63675}, handlesAlerts: true, hasTouchScreen: false, javascriptEnabled: true, locationContextEnabled: true, mobileEmulationEnabled: false, nativeEvents: true, networkConnectionEnabled: false, pageLoadStrategy: normal, platform: XP, platformName: XP, proxy: Proxy(), rotatable: false, setWindowRect: true, strictFileInteractability: false, takesHeapSnapshot: true, takesScreenshot: true, timeouts: {implicit: 0, pageLoad: 300000, script: 30000}, unexpectedAlertBehaviour: ignore, unhandledPromptBehavior: ignore, version: 74.0.3729.131, webStorageEnabled: true}
Session ID: e04c3410d8cd82b028bd15d27bb85890
2019-05-08 09:28:28 INFO  Log:88 - TestCase - VerifyReportPageORR, started @ 2019-05-08 09:28:28.388  
------------------------------------------------------------------------------------------------------------------------- 
Description: Validate Report Page. 
Test Steps: 
 Report Page UI Validation

2019-05-08 09:52:08 INFO  Log:88 - TestCase - VerifyReportPageORR, started @ 2019-05-08 09:52:08.869  
------------------------------------------------------------------------------------------------------------------------- 
Description: Validate Report Page. 
Test Steps: 
 Report Page UI Validation

2019-05-08 09:55:24 INFO  Log:88 - TestCase - VerifyReportPageORR, started @ 2019-05-08 09:55:24.934  
------------------------------------------------------------------------------------------------------------------------- 
Description: Validate Report Page. 
Test Steps: 
 Report Page UI Validation

2019-05-08 09:58:00 INFO  Log:88 - TestCase - VerifyReportPageORR, started @ 2019-05-08 09:58:00.553  
------------------------------------------------------------------------------------------------------------------------- 
Description: Validate Report Page. 
Test Steps: 
 Report Page UI Validation

2019-05-08 14:50:15 INFO  Log:88 - TestCase - VerifyReportPageORR, started @ 2019-05-08 14:50:15.501  
------------------------------------------------------------------------------------------------------------------------- 
Description: Validate Report Page. 
Test Steps: 
 Report Page UI Validation

2019-05-08 14:50:40 ERROR ReportPageOperationORR:82 - element click intercepted: Element <li class="">...</li> is not clickable at point (525, 43). Other element would receive the click: <div class="back-drop" style="cursor: progress;"></div>
  (Session info: chrome=74.0.3729.131)
  (Driver info: chromedriver=74.0.3729.6 (255758eccf3d244491b8a1317aa76e1ce10d57e9-refs/branch-heads/3729@{#29}),platform=Windows NT 6.1.7601 SP1 x86_64) (WARNING: The server did not provide any stacktrace information)
Command duration or timeout: 0 milliseconds
Build info: version: '3.141.59', revision: 'e82be7d358', time: '2018-11-14T08:17:03'
System info: host: 'TSD-PRATIKSHYA', ip: '192.168.10.168', os.name: 'Windows 7', os.arch: 'amd64', os.version: '6.1', java.version: '1.8.0_191'
Driver info: org.openqa.selenium.chrome.ChromeDriver
Capabilities {acceptInsecureCerts: false, acceptSslCerts: false, applicationCacheEnabled: false, browserConnectionEnabled: false, browserName: chrome, chrome: {chromedriverVersion: 74.0.3729.6 (255758eccf3d24..., userDataDir: C:\Users\PRATIK~1.S\AppData...}, cssSelectorsEnabled: true, databaseEnabled: false, goog:chromeOptions: {debuggerAddress: localhost:64634}, handlesAlerts: true, hasTouchScreen: false, javascriptEnabled: true, locationContextEnabled: true, mobileEmulationEnabled: false, nativeEvents: true, networkConnectionEnabled: false, pageLoadStrategy: normal, platform: XP, platformName: XP, proxy: Proxy(), rotatable: false, setWindowRect: true, strictFileInteractability: false, takesHeapSnapshot: true, takesScreenshot: true, timeouts: {implicit: 0, pageLoad: 300000, script: 30000}, unexpectedAlertBehaviour: ignore, unhandledPromptBehavior: ignore, version: 74.0.3729.131, webStorageEnabled: true}
Session ID: 35fc5f8a00add49c33fa32e70de09ff1
2019-05-08 14:51:48 INFO  Log:88 - TestCase - VerifyReportPageORR, started @ 2019-05-08 14:51:48.508  
------------------------------------------------------------------------------------------------------------------------- 
Description: Validate Report Page. 
Test Steps: 
 Report Page UI Validation

2019-05-08 14:53:36 ERROR ReportPageOperationORR:82 - element click intercepted: Element <button class="pull-left filter-btn " type="button" aria-expanded="false">...</button> is not clickable at point (232, 14). Other element would receive the click: <li>...</li>
  (Session info: chrome=74.0.3729.131)
  (Driver info: chromedriver=74.0.3729.6 (255758eccf3d244491b8a1317aa76e1ce10d57e9-refs/branch-heads/3729@{#29}),platform=Windows NT 6.1.7601 SP1 x86_64) (WARNING: The server did not provide any stacktrace information)
Command duration or timeout: 0 milliseconds
Build info: version: '3.141.59', revision: 'e82be7d358', time: '2018-11-14T08:17:03'
System info: host: 'TSD-PRATIKSHYA', ip: '192.168.10.168', os.name: 'Windows 7', os.arch: 'amd64', os.version: '6.1', java.version: '1.8.0_191'
Driver info: org.openqa.selenium.chrome.ChromeDriver
Capabilities {acceptInsecureCerts: false, acceptSslCerts: false, applicationCacheEnabled: false, browserConnectionEnabled: false, browserName: chrome, chrome: {chromedriverVersion: 74.0.3729.6 (255758eccf3d24..., userDataDir: C:\Users\PRATIK~1.S\AppData...}, cssSelectorsEnabled: true, databaseEnabled: false, goog:chromeOptions: {debuggerAddress: localhost:64787}, handlesAlerts: true, hasTouchScreen: false, javascriptEnabled: true, locationContextEnabled: true, mobileEmulationEnabled: false, nativeEvents: true, networkConnectionEnabled: false, pageLoadStrategy: normal, platform: XP, platformName: XP, proxy: Proxy(), rotatable: false, setWindowRect: true, strictFileInteractability: false, takesHeapSnapshot: true, takesScreenshot: true, timeouts: {implicit: 0, pageLoad: 300000, script: 30000}, unexpectedAlertBehaviour: ignore, unhandledPromptBehavior: ignore, version: 74.0.3729.131, webStorageEnabled: true}
Session ID: 3764dadd52133ae3589b46e4f73830b2
2019-05-08 14:54:47 INFO  Log:88 - TestCase - VerifyReportPageORR, started @ 2019-05-08 14:54:47.735  
------------------------------------------------------------------------------------------------------------------------- 
Description: Validate Report Page. 
Test Steps: 
 Report Page UI Validation

2019-05-08 14:55:24 ERROR ReportPageOperationORR:82 - element click intercepted: Element <button class="pull-left filter-btn " type="button" aria-expanded="false">...</button> is not clickable at point (232, 14). Other element would receive the click: <li>...</li>
  (Session info: chrome=74.0.3729.131)
  (Driver info: chromedriver=74.0.3729.6 (255758eccf3d244491b8a1317aa76e1ce10d57e9-refs/branch-heads/3729@{#29}),platform=Windows NT 6.1.7601 SP1 x86_64) (WARNING: The server did not provide any stacktrace information)
Command duration or timeout: 0 milliseconds
Build info: version: '3.141.59', revision: 'e82be7d358', time: '2018-11-14T08:17:03'
System info: host: 'TSD-PRATIKSHYA', ip: '192.168.10.168', os.name: 'Windows 7', os.arch: 'amd64', os.version: '6.1', java.version: '1.8.0_191'
Driver info: org.openqa.selenium.chrome.ChromeDriver
Capabilities {acceptInsecureCerts: false, acceptSslCerts: false, applicationCacheEnabled: false, browserConnectionEnabled: false, browserName: chrome, chrome: {chromedriverVersion: 74.0.3729.6 (255758eccf3d24..., userDataDir: C:\Users\PRATIK~1.S\AppData...}, cssSelectorsEnabled: true, databaseEnabled: false, goog:chromeOptions: {debuggerAddress: localhost:65042}, handlesAlerts: true, hasTouchScreen: false, javascriptEnabled: true, locationContextEnabled: true, mobileEmulationEnabled: false, nativeEvents: true, networkConnectionEnabled: false, pageLoadStrategy: normal, platform: XP, platformName: XP, proxy: Proxy(), rotatable: false, setWindowRect: true, strictFileInteractability: false, takesHeapSnapshot: true, takesScreenshot: true, timeouts: {implicit: 0, pageLoad: 300000, script: 30000}, unexpectedAlertBehaviour: ignore, unhandledPromptBehavior: ignore, version: 74.0.3729.131, webStorageEnabled: true}
Session ID: 7ea7374d2b24e099bf5ed69816c351e5
2019-05-08 15:07:16 INFO  Log:88 - TestCase - VerifyReportPageORR, started @ 2019-05-08 15:07:16.501  
------------------------------------------------------------------------------------------------------------------------- 
Description: Validate Report Page. 
Test Steps: 
 Report Page UI Validation

2019-05-08 15:10:42 INFO  Log:88 - TestCase - VerifyReportPageORR, started @ 2019-05-08 15:10:42.503  
------------------------------------------------------------------------------------------------------------------------- 
Description: Validate Report Page. 
Test Steps: 
 Report Page UI Validation

2019-05-08 16:50:22 INFO  Log:88 - TestCase - VerifyReportPageORR, started @ 2019-05-08 16:50:22.073  
------------------------------------------------------------------------------------------------------------------------- 
Description: Validate Report Page. 
Test Steps: 
 Report Page UI Validation

2019-05-08 17:51:45 INFO  Log:88 - TestCase - VerifyReportPageORR, started @ 2019-05-08 17:51:45.479  
------------------------------------------------------------------------------------------------------------------------- 
Description: Validate Report Page. 
Test Steps: 
 Report Page UI Validation

2019-05-08 17:53:15 ERROR SeleniumWrapper:82 - org.openqa.selenium.WebDriverException: chrome not reachable
  (Session info: chrome=74.0.3729.131)
  (Driver info: chromedriver=74.0.3729.6 (255758eccf3d244491b8a1317aa76e1ce10d57e9-refs/branch-heads/3729@{#29}),platform=Windows NT 6.1.7601 SP1 x86_64) (WARNING: The server did not provide any stacktrace information)
Command duration or timeout: 0 milliseconds
Build info: version: '3.141.59', revision: 'e82be7d358', time: '2018-11-14T08:17:03'
System info: host: 'TSD-PRATIKSHYA', ip: '192.168.10.168', os.name: 'Windows 7', os.arch: 'amd64', os.version: '6.1', java.version: '1.8.0_191'
Driver info: org.openqa.selenium.chrome.ChromeDriver
Capabilities {acceptInsecureCerts: false, acceptSslCerts: false, applicationCacheEnabled: false, browserConnectionEnabled: false, browserName: chrome, chrome: {chromedriverVersion: 74.0.3729.6 (255758eccf3d24..., userDataDir: C:\Users\PRATIK~1.S\AppData...}, cssSelectorsEnabled: true, databaseEnabled: false, goog:chromeOptions: {debuggerAddress: localhost:64787}, handlesAlerts: true, hasTouchScreen: false, javascriptEnabled: true, locationContextEnabled: true, mobileEmulationEnabled: false, nativeEvents: true, networkConnectionEnabled: false, pageLoadStrategy: normal, platform: XP, platformName: XP, proxy: Proxy(), rotatable: false, setWindowRect: true, strictFileInteractability: false, takesHeapSnapshot: true, takesScreenshot: true, timeouts: {implicit: 0, pageLoad: 300000, script: 30000}, unexpectedAlertBehaviour: ignore, unhandledPromptBehavior: ignore, version: 74.0.3729.131, webStorageEnabled: true}
Session ID: 3764dadd52133ae3589b46e4f73830b2
*** Element info: {Using=xpath, value=//li[contains(text(),'Oral Reading Records')]}
2019-05-08 17:53:23 ERROR Log:82 - WebDriverException while capturing screenshotorg.openqa.selenium.WebDriverException: chrome not reachable
  (Session info: chrome=74.0.3729.131)
  (Driver info: chromedriver=74.0.3729.6 (255758eccf3d244491b8a1317aa76e1ce10d57e9-refs/branch-heads/3729@{#29}),platform=Windows NT 6.1.7601 SP1 x86_64) (WARNING: The server did not provide any stacktrace information)
Command duration or timeout: 0 milliseconds
Build info: version: '3.141.59', revision: 'e82be7d358', time: '2018-11-14T08:17:03'
System info: host: 'TSD-PRATIKSHYA', ip: '192.168.10.168', os.name: 'Windows 7', os.arch: 'amd64', os.version: '6.1', java.version: '1.8.0_191'
Driver info: org.openqa.selenium.chrome.ChromeDriver
Capabilities {acceptInsecureCerts: false, acceptSslCerts: false, applicationCacheEnabled: false, browserConnectionEnabled: false, browserName: chrome, chrome: {chromedriverVersion: 74.0.3729.6 (255758eccf3d24..., userDataDir: C:\Users\PRATIK~1.S\AppData...}, cssSelectorsEnabled: true, databaseEnabled: false, goog:chromeOptions: {debuggerAddress: localhost:64787}, handlesAlerts: true, hasTouchScreen: false, javascriptEnabled: true, locationContextEnabled: true, mobileEmulationEnabled: false, nativeEvents: true, networkConnectionEnabled: false, pageLoadStrategy: normal, platform: XP, platformName: XP, proxy: Proxy(), rotatable: false, setWindowRect: true, strictFileInteractability: false, takesHeapSnapshot: true, takesScreenshot: true, timeouts: {implicit: 0, pageLoad: 300000, script: 30000}, unexpectedAlertBehaviour: ignore, unhandledPromptBehavior: ignore, version: 74.0.3729.131, webStorageEnabled: true}
Session ID: 3764dadd52133ae3589b46e4f73830b2WebDriverException while capturing screenshotorg.openqa.selenium.WebDriverException: chrome not reachable
  (Session info: chrome=74.0.3729.131)
  (Driver info: chromedriver=74.0.3729.6 (255758eccf3d244491b8a1317aa76e1ce10d57e9-refs/branch-heads/3729@{#29}),platform=Windows NT 6.1.7601 SP1 x86_64) (WARNING: The server did not provide any stacktrace information)
Command duration or timeout: 0 milliseconds
Build info: version: '3.141.59', revision: 'e82be7d358', time: '2018-11-14T08:17:03'
System info: host: 'TSD-PRATIKSHYA', ip: '192.168.10.168', os.name: 'Windows 7', os.arch: 'amd64', os.version: '6.1', java.version: '1.8.0_191'
Driver info: org.openqa.selenium.chrome.ChromeDriver
Capabilities {acceptInsecureCerts: false, acceptSslCerts: false, applicationCacheEnabled: false, browserConnectionEnabled: false, browserName: chrome, chrome: {chromedriverVersion: 74.0.3729.6 (255758eccf3d24..., userDataDir: C:\Users\PRATIK~1.S\AppData...}, cssSelectorsEnabled: true, databaseEnabled: false, goog:chromeOptions: {debuggerAddress: localhost:64787}, handlesAlerts: true, hasTouchScreen: false, javascriptEnabled: true, locationContextEnabled: true, mobileEmulationEnabled: false, nativeEvents: true, networkConnectionEnabled: false, pageLoadStrategy: normal, platform: XP, platformName: XP, proxy: Proxy(), rotatable: false, setWindowRect: true, strictFileInteractability: false, takesHeapSnapshot: true, takesScreenshot: true, timeouts: {implicit: 0, pageLoad: 300000, script: 30000}, unexpectedAlertBehaviour: ignore, unhandledPromptBehavior: ignore, version: 74.0.3729.131, webStorageEnabled: true}
Session ID: 3764dadd52133ae3589b46e4f73830b2
2019-05-08 18:04:22 INFO  Log:88 - TestCase - VerifyReportPageORR, started @ 2019-05-08 18:04:22.845  
------------------------------------------------------------------------------------------------------------------------- 
Description: Validate Report Page. 
Test Steps: 
 Report Page UI Validation

2019-05-08 18:05:03 ERROR ReportPageOperationORR:82 - element click intercepted: Element <button class="pull-left filter-btn " type="button" aria-expanded="false">...</button> is not clickable at point (232, 14). Other element would receive the click: <li>...</li>
  (Session info: chrome=74.0.3729.131)
  (Driver info: chromedriver=74.0.3729.6 (255758eccf3d244491b8a1317aa76e1ce10d57e9-refs/branch-heads/3729@{#29}),platform=Windows NT 6.1.7601 SP1 x86_64) (WARNING: The server did not provide any stacktrace information)
Command duration or timeout: 0 milliseconds
Build info: version: '3.141.59', revision: 'e82be7d358', time: '2018-11-14T08:17:03'
System info: host: 'TSD-PRATIKSHYA', ip: '192.168.10.168', os.name: 'Windows 7', os.arch: 'amd64', os.version: '6.1', java.version: '1.8.0_191'
Driver info: org.openqa.selenium.chrome.ChromeDriver
Capabilities {acceptInsecureCerts: false, acceptSslCerts: false, applicationCacheEnabled: false, browserConnectionEnabled: false, browserName: chrome, chrome: {chromedriverVersion: 74.0.3729.6 (255758eccf3d24..., userDataDir: C:\Users\PRATIK~1.S\AppData...}, cssSelectorsEnabled: true, databaseEnabled: false, goog:chromeOptions: {debuggerAddress: localhost:61106}, handlesAlerts: true, hasTouchScreen: false, javascriptEnabled: true, locationContextEnabled: true, mobileEmulationEnabled: false, nativeEvents: true, networkConnectionEnabled: false, pageLoadStrategy: normal, platform: XP, platformName: XP, proxy: Proxy(), rotatable: false, setWindowRect: true, strictFileInteractability: false, takesHeapSnapshot: true, takesScreenshot: true, timeouts: {implicit: 0, pageLoad: 300000, script: 30000}, unexpectedAlertBehaviour: ignore, unhandledPromptBehavior: ignore, version: 74.0.3729.131, webStorageEnabled: true}
Session ID: c49b1d2af54818388e74c0d34585d8f9
2019-05-09 08:36:50 INFO  Log:88 - TestCase - VerifyReportPageORR, started @ 2019-05-09 08:36:50.417  
------------------------------------------------------------------------------------------------------------------------- 
Description: Validate Report Page. 
Test Steps: 
 Report Page UI Validation

2019-05-09 08:39:08 ERROR ReportPageOperationORR:82 - element click intercepted: Element <button class="pull-left filter-btn " type="button" aria-expanded="false">...</button> is not clickable at point (232, 14). Other element would receive the click: <li>...</li>
  (Session info: chrome=74.0.3729.131)
  (Driver info: chromedriver=74.0.3729.6 (255758eccf3d244491b8a1317aa76e1ce10d57e9-refs/branch-heads/3729@{#29}),platform=Windows NT 6.1.7601 SP1 x86_64) (WARNING: The server did not provide any stacktrace information)
Command duration or timeout: 0 milliseconds
Build info: version: '3.141.59', revision: 'e82be7d358', time: '2018-11-14T08:17:03'
System info: host: 'TSD-PRATIKSHYA', ip: '192.168.10.168', os.name: 'Windows 7', os.arch: 'amd64', os.version: '6.1', java.version: '1.8.0_191'
Driver info: org.openqa.selenium.chrome.ChromeDriver
Capabilities {acceptInsecureCerts: false, acceptSslCerts: false, applicationCacheEnabled: false, browserConnectionEnabled: false, browserName: chrome, chrome: {chromedriverVersion: 74.0.3729.6 (255758eccf3d24..., userDataDir: C:\Users\PRATIK~1.S\AppData...}, cssSelectorsEnabled: true, databaseEnabled: false, goog:chromeOptions: {debuggerAddress: localhost:56421}, handlesAlerts: true, hasTouchScreen: false, javascriptEnabled: true, locationContextEnabled: true, mobileEmulationEnabled: false, nativeEvents: true, networkConnectionEnabled: false, pageLoadStrategy: normal, platform: XP, platformName: XP, proxy: Proxy(), rotatable: false, setWindowRect: true, strictFileInteractability: false, takesHeapSnapshot: true, takesScreenshot: true, timeouts: {implicit: 0, pageLoad: 300000, script: 30000}, unexpectedAlertBehaviour: ignore, unhandledPromptBehavior: ignore, version: 74.0.3729.131, webStorageEnabled: true}
Session ID: 18ac02ad09508f978b221d1982f01576
2019-05-09 08:41:15 INFO  Log:88 - TestCase - VerifyReportPageORR, started @ 2019-05-09 08:41:15.408  
------------------------------------------------------------------------------------------------------------------------- 
Description: Validate Report Page. 
Test Steps: 
 Report Page UI Validation

2019-05-09 08:42:45 INFO  Log:88 - TestCase - VerifyReportPageORR, started @ 2019-05-09 08:42:45.539  
------------------------------------------------------------------------------------------------------------------------- 
Description: Validate Report Page. 
Test Steps: 
 Report Page UI Validation

2019-05-09 08:47:50 ERROR SeleniumWrapper:82 - org.openqa.selenium.WebDriverException: chrome not reachable
  (Session info: chrome=74.0.3729.131)
  (Driver info: chromedriver=74.0.3729.6 (255758eccf3d244491b8a1317aa76e1ce10d57e9-refs/branch-heads/3729@{#29}),platform=Windows NT 6.1.7601 SP1 x86_64) (WARNING: The server did not provide any stacktrace information)
Command duration or timeout: 0 milliseconds
Build info: version: '3.141.59', revision: 'e82be7d358', time: '2018-11-14T08:17:03'
System info: host: 'TSD-PRATIKSHYA', ip: '192.168.10.168', os.name: 'Windows 7', os.arch: 'amd64', os.version: '6.1', java.version: '1.8.0_191'
Driver info: org.openqa.selenium.chrome.ChromeDriver
Capabilities {acceptInsecureCerts: false, acceptSslCerts: false, applicationCacheEnabled: false, browserConnectionEnabled: false, browserName: chrome, chrome: {chromedriverVersion: 74.0.3729.6 (255758eccf3d24..., userDataDir: C:\Users\PRATIK~1.S\AppData...}, cssSelectorsEnabled: true, databaseEnabled: false, goog:chromeOptions: {debuggerAddress: localhost:56725}, handlesAlerts: true, hasTouchScreen: false, javascriptEnabled: true, locationContextEnabled: true, mobileEmulationEnabled: false, nativeEvents: true, networkConnectionEnabled: false, pageLoadStrategy: normal, platform: XP, platformName: XP, proxy: Proxy(), rotatable: false, setWindowRect: true, strictFileInteractability: false, takesHeapSnapshot: true, takesScreenshot: true, timeouts: {implicit: 0, pageLoad: 300000, script: 30000}, unexpectedAlertBehaviour: ignore, unhandledPromptBehavior: ignore, version: 74.0.3729.131, webStorageEnabled: true}
Session ID: fce84b6f5d41f29008feec2b5bd6da58
*** Element info: {Using=xpath, value=//span[text()='Filter']}
2019-05-09 08:48:02 ERROR Log:82 - WebDriverException while capturing screenshotorg.openqa.selenium.WebDriverException: chrome not reachable
  (Session info: chrome=74.0.3729.131)
  (Driver info: chromedriver=74.0.3729.6 (255758eccf3d244491b8a1317aa76e1ce10d57e9-refs/branch-heads/3729@{#29}),platform=Windows NT 6.1.7601 SP1 x86_64) (WARNING: The server did not provide any stacktrace information)
Command duration or timeout: 0 milliseconds
Build info: version: '3.141.59', revision: 'e82be7d358', time: '2018-11-14T08:17:03'
System info: host: 'TSD-PRATIKSHYA', ip: '192.168.10.168', os.name: 'Windows 7', os.arch: 'amd64', os.version: '6.1', java.version: '1.8.0_191'
Driver info: org.openqa.selenium.chrome.ChromeDriver
Capabilities {acceptInsecureCerts: false, acceptSslCerts: false, applicationCacheEnabled: false, browserConnectionEnabled: false, browserName: chrome, chrome: {chromedriverVersion: 74.0.3729.6 (255758eccf3d24..., userDataDir: C:\Users\PRATIK~1.S\AppData...}, cssSelectorsEnabled: true, databaseEnabled: false, goog:chromeOptions: {debuggerAddress: localhost:56725}, handlesAlerts: true, hasTouchScreen: false, javascriptEnabled: true, locationContextEnabled: true, mobileEmulationEnabled: false, nativeEvents: true, networkConnectionEnabled: false, pageLoadStrategy: normal, platform: XP, platformName: XP, proxy: Proxy(), rotatable: false, setWindowRect: true, strictFileInteractability: false, takesHeapSnapshot: true, takesScreenshot: true, timeouts: {implicit: 0, pageLoad: 300000, script: 30000}, unexpectedAlertBehaviour: ignore, unhandledPromptBehavior: ignore, version: 74.0.3729.131, webStorageEnabled: true}
Session ID: fce84b6f5d41f29008feec2b5bd6da58WebDriverException while capturing screenshotorg.openqa.selenium.WebDriverException: chrome not reachable
  (Session info: chrome=74.0.3729.131)
  (Driver info: chromedriver=74.0.3729.6 (255758eccf3d244491b8a1317aa76e1ce10d57e9-refs/branch-heads/3729@{#29}),platform=Windows NT 6.1.7601 SP1 x86_64) (WARNING: The server did not provide any stacktrace information)
Command duration or timeout: 0 milliseconds
Build info: version: '3.141.59', revision: 'e82be7d358', time: '2018-11-14T08:17:03'
System info: host: 'TSD-PRATIKSHYA', ip: '192.168.10.168', os.name: 'Windows 7', os.arch: 'amd64', os.version: '6.1', java.version: '1.8.0_191'
Driver info: org.openqa.selenium.chrome.ChromeDriver
Capabilities {acceptInsecureCerts: false, acceptSslCerts: false, applicationCacheEnabled: false, browserConnectionEnabled: false, browserName: chrome, chrome: {chromedriverVersion: 74.0.3729.6 (255758eccf3d24..., userDataDir: C:\Users\PRATIK~1.S\AppData...}, cssSelectorsEnabled: true, databaseEnabled: false, goog:chromeOptions: {debuggerAddress: localhost:56725}, handlesAlerts: true, hasTouchScreen: false, javascriptEnabled: true, locationContextEnabled: true, mobileEmulationEnabled: false, nativeEvents: true, networkConnectionEnabled: false, pageLoadStrategy: normal, platform: XP, platformName: XP, proxy: Proxy(), rotatable: false, setWindowRect: true, strictFileInteractability: false, takesHeapSnapshot: true, takesScreenshot: true, timeouts: {implicit: 0, pageLoad: 300000, script: 30000}, unexpectedAlertBehaviour: ignore, unhandledPromptBehavior: ignore, version: 74.0.3729.131, webStorageEnabled: true}
Session ID: fce84b6f5d41f29008feec2b5bd6da58
2019-05-09 08:48:29 INFO  Log:88 - TestCase - VerifyReportPageORR, started @ 2019-05-09 08:48:29.752  
------------------------------------------------------------------------------------------------------------------------- 
Description: Validate Report Page. 
Test Steps: 
 Report Page UI Validation

2019-05-09 08:53:55 ERROR ReportPageOperationORR:82 - element click intercepted: Element <span class="close-icon-title close-filter1">...</span> is not clickable at point (123, 10). Other element would receive the click: <span class="context-header-text">...</span>
  (Session info: chrome=74.0.3729.131)
  (Driver info: chromedriver=74.0.3729.6 (255758eccf3d244491b8a1317aa76e1ce10d57e9-refs/branch-heads/3729@{#29}),platform=Windows NT 6.1.7601 SP1 x86_64) (WARNING: The server did not provide any stacktrace information)
Command duration or timeout: 0 milliseconds
Build info: version: '3.141.59', revision: 'e82be7d358', time: '2018-11-14T08:17:03'
System info: host: 'TSD-PRATIKSHYA', ip: '192.168.10.168', os.name: 'Windows 7', os.arch: 'amd64', os.version: '6.1', java.version: '1.8.0_191'
Driver info: org.openqa.selenium.chrome.ChromeDriver
Capabilities {acceptInsecureCerts: false, acceptSslCerts: false, applicationCacheEnabled: false, browserConnectionEnabled: false, browserName: chrome, chrome: {chromedriverVersion: 74.0.3729.6 (255758eccf3d24..., userDataDir: C:\Users\PRATIK~1.S\AppData...}, cssSelectorsEnabled: true, databaseEnabled: false, goog:chromeOptions: {debuggerAddress: localhost:57503}, handlesAlerts: true, hasTouchScreen: false, javascriptEnabled: true, locationContextEnabled: true, mobileEmulationEnabled: false, nativeEvents: true, networkConnectionEnabled: false, pageLoadStrategy: normal, platform: XP, platformName: XP, proxy: Proxy(), rotatable: false, setWindowRect: true, strictFileInteractability: false, takesHeapSnapshot: true, takesScreenshot: true, timeouts: {implicit: 0, pageLoad: 300000, script: 30000}, unexpectedAlertBehaviour: ignore, unhandledPromptBehavior: ignore, version: 74.0.3729.131, webStorageEnabled: true}
Session ID: 5b257ad2a70ebec2af6d2d60507919f4
2019-05-09 08:59:10 INFO  Log:88 - TestCase - VerifyReportPageORR, started @ 2019-05-09 08:59:10.511  
------------------------------------------------------------------------------------------------------------------------- 
Description: Validate Report Page. 
Test Steps: 
 Report Page UI Validation

2019-05-09 09:00:49 INFO  Log:88 - TestCase - VerifyReportPageORR, started @ 2019-05-09 09:00:49.846  
------------------------------------------------------------------------------------------------------------------------- 
Description: Validate Report Page. 
Test Steps: 
 Report Page UI Validation

2019-05-09 09:02:56 INFO  Log:88 - TestCase - VerifyReportPageORR, started @ 2019-05-09 09:02:56.335  
------------------------------------------------------------------------------------------------------------------------- 
Description: Validate Report Page. 
Test Steps: 
 Report Page UI Validation

2019-05-09 14:53:50 INFO  Log:88 - TestCase - VerifyReportPageORR, started @ 2019-05-09 14:53:50.149  
------------------------------------------------------------------------------------------------------------------------- 
Description: Validate Report Page. 
Test Steps: 
 Report Page UI Validation

2019-05-09 15:03:47 INFO  Log:88 - TestCase - VerifyReportPageORR, started @ 2019-05-09 15:03:47.967  
------------------------------------------------------------------------------------------------------------------------- 
Description: Validate Report Page. 
Test Steps: 
 Report Page UI Validation

2019-05-09 15:09:47 INFO  Log:88 - TestCase - VerifyReportPageORR, started @ 2019-05-09 15:09:47.358  
------------------------------------------------------------------------------------------------------------------------- 
Description: Validate Report Page. 
Test Steps: 
 Report Page UI Validation

2019-05-09 15:11:58 INFO  Log:88 - TestCase - VerifyReportPageORR, started @ 2019-05-09 15:11:58.148  
------------------------------------------------------------------------------------------------------------------------- 
Description: Validate Report Page. 
Test Steps: 
 Report Page UI Validation

2019-05-09 15:14:38 INFO  Log:88 - TestCase - VerifyReportPageORR, started @ 2019-05-09 15:14:38.904  
------------------------------------------------------------------------------------------------------------------------- 
Description: Validate Report Page. 
Test Steps: 
 Report Page UI Validation

2019-05-09 15:16:00 INFO  Log:88 - TestCase - VerifyReportPageORR, started @ 2019-05-09 15:16:00.654  
------------------------------------------------------------------------------------------------------------------------- 
Description: Validate Report Page. 
Test Steps: 
 Report Page UI Validation

2019-05-12 23:10:17 INFO  Log:88 - TestCase - VerifyReportPageORR, started @ 2019-05-12 23:10:17.659  
------------------------------------------------------------------------------------------------------------------------- 
Description: Validate Report Page. 
Test Steps: 
 Report Page UI Validation

2019-05-12 23:28:47 INFO  Log:88 - TestCase - VerifyReportPageORR, started @ 2019-05-12 23:28:47.243  
------------------------------------------------------------------------------------------------------------------------- 
Description: Validate Report Page. 
Test Steps: 
 Report Page UI Validation

2019-05-12 23:29:17 ERROR SeleniumWrapper:82 - org.openqa.selenium.NoSuchElementException: no such element: Unable to locate element: {"method":"xpath","selector":"//span[text()='Filter']"}
  (Session info: chrome=74.0.3729.131)
  (Driver info: chromedriver=74.0.3729.6 (255758eccf3d244491b8a1317aa76e1ce10d57e9-refs/branch-heads/3729@{#29}),platform=Windows NT 6.1.7601 SP1 x86_64) (WARNING: The server did not provide any stacktrace information)
Command duration or timeout: 0 milliseconds
For documentation on this error, please visit: https://www.seleniumhq.org/exceptions/no_such_element.html
Build info: version: '3.141.59', revision: 'e82be7d358', time: '2018-11-14T08:17:03'
System info: host: 'TSD-PRATIKSHYA', ip: '192.168.10.168', os.name: 'Windows 7', os.arch: 'amd64', os.version: '6.1', java.version: '1.8.0_191'
Driver info: org.openqa.selenium.chrome.ChromeDriver
Capabilities {acceptInsecureCerts: false, acceptSslCerts: false, applicationCacheEnabled: false, browserConnectionEnabled: false, browserName: chrome, chrome: {chromedriverVersion: 74.0.3729.6 (255758eccf3d24..., userDataDir: C:\Users\PRATIK~1.S\AppData...}, cssSelectorsEnabled: true, databaseEnabled: false, goog:chromeOptions: {debuggerAddress: localhost:51962}, handlesAlerts: true, hasTouchScreen: false, javascriptEnabled: true, locationContextEnabled: true, mobileEmulationEnabled: false, nativeEvents: true, networkConnectionEnabled: false, pageLoadStrategy: normal, platform: XP, platformName: XP, proxy: Proxy(), rotatable: false, setWindowRect: true, strictFileInteractability: false, takesHeapSnapshot: true, takesScreenshot: true, timeouts: {implicit: 0, pageLoad: 300000, script: 30000}, unexpectedAlertBehaviour: ignore, unhandledPromptBehavior: ignore, version: 74.0.3729.131, webStorageEnabled: true}
Session ID: 47e8d644d81aada7d89c75d0eeec427d
*** Element info: {Using=xpath, value=//span[text()='Filter']}
2019-05-13 13:17:10 INFO  Log:88 - TestCase - VerifyReportPageORR, started @ 2019-05-13 13:17:10.947  
------------------------------------------------------------------------------------------------------------------------- 
Description: Validate Report Page. 
Test Steps: 
 Report Page UI Validation

2019-05-13 14:00:58 INFO  Log:88 - TestCase - VerifyReportPageORR, started @ 2019-05-13 14:00:58.122  
------------------------------------------------------------------------------------------------------------------------- 
Description: Validate Report Page. 
Test Steps: 
 Report Page UI Validation

2019-05-13 14:01:28 ERROR ReportPageOperationORR:82 - element click intercepted: Element <span class="close-icon-title close-filter1">...</span> is not clickable at point (123, 10). Other element would receive the click: <span class="context-header-text">...</span>
  (Session info: chrome=74.0.3729.131)
  (Driver info: chromedriver=74.0.3729.6 (255758eccf3d244491b8a1317aa76e1ce10d57e9-refs/branch-heads/3729@{#29}),platform=Windows NT 6.1.7601 SP1 x86_64) (WARNING: The server did not provide any stacktrace information)
Command duration or timeout: 0 milliseconds
Build info: version: '3.141.59', revision: 'e82be7d358', time: '2018-11-14T08:17:03'
System info: host: 'TSD-PRATIKSHYA', ip: '192.168.10.168', os.name: 'Windows 7', os.arch: 'amd64', os.version: '6.1', java.version: '1.8.0_191'
Driver info: org.openqa.selenium.chrome.ChromeDriver
Capabilities {acceptInsecureCerts: false, acceptSslCerts: false, applicationCacheEnabled: false, browserConnectionEnabled: false, browserName: chrome, chrome: {chromedriverVersion: 74.0.3729.6 (255758eccf3d24..., userDataDir: C:\Users\PRATIK~1.S\AppData...}, cssSelectorsEnabled: true, databaseEnabled: false, goog:chromeOptions: {debuggerAddress: localhost:63734}, handlesAlerts: true, hasTouchScreen: false, javascriptEnabled: true, locationContextEnabled: true, mobileEmulationEnabled: false, nativeEvents: true, networkConnectionEnabled: false, pageLoadStrategy: normal, platform: XP, platformName: XP, proxy: Proxy(), rotatable: false, setWindowRect: true, strictFileInteractability: false, takesHeapSnapshot: true, takesScreenshot: true, timeouts: {implicit: 0, pageLoad: 300000, script: 30000}, unexpectedAlertBehaviour: ignore, unhandledPromptBehavior: ignore, version: 74.0.3729.131, webStorageEnabled: true}
Session ID: 7a6e2584b03ec06ac375fc13c51b798b
2019-05-13 14:03:01 INFO  Log:88 - TestCase - VerifyReportPageORR, started @ 2019-05-13 14:03:01.822  
------------------------------------------------------------------------------------------------------------------------- 
Description: Validate Report Page. 
Test Steps: 
 Report Page UI Validation

2019-05-13 14:03:21 ERROR ReportPageOperationORR:82 - element click intercepted: Element <li class="">...</li> is not clickable at point (852, 19). Other element would receive the click: <div class="display-loading-main" style="display: block;">...</div>
  (Session info: chrome=74.0.3729.131)
  (Driver info: chromedriver=74.0.3729.6 (255758eccf3d244491b8a1317aa76e1ce10d57e9-refs/branch-heads/3729@{#29}),platform=Windows NT 6.1.7601 SP1 x86_64) (WARNING: The server did not provide any stacktrace information)
Command duration or timeout: 0 milliseconds
Build info: version: '3.141.59', revision: 'e82be7d358', time: '2018-11-14T08:17:03'
System info: host: 'TSD-PRATIKSHYA', ip: '192.168.10.168', os.name: 'Windows 7', os.arch: 'amd64', os.version: '6.1', java.version: '1.8.0_191'
Driver info: org.openqa.selenium.chrome.ChromeDriver
Capabilities {acceptInsecureCerts: false, acceptSslCerts: false, applicationCacheEnabled: false, browserConnectionEnabled: false, browserName: chrome, chrome: {chromedriverVersion: 74.0.3729.6 (255758eccf3d24..., userDataDir: C:\Users\PRATIK~1.S\AppData...}, cssSelectorsEnabled: true, databaseEnabled: false, goog:chromeOptions: {debuggerAddress: localhost:63919}, handlesAlerts: true, hasTouchScreen: false, javascriptEnabled: true, locationContextEnabled: true, mobileEmulationEnabled: false, nativeEvents: true, networkConnectionEnabled: false, pageLoadStrategy: normal, platform: XP, platformName: XP, proxy: Proxy(), rotatable: false, setWindowRect: true, strictFileInteractability: false, takesHeapSnapshot: true, takesScreenshot: true, timeouts: {implicit: 0, pageLoad: 300000, script: 30000}, unexpectedAlertBehaviour: ignore, unhandledPromptBehavior: ignore, version: 74.0.3729.131, webStorageEnabled: true}
Session ID: c2b395fc1b53e42afa55deca27e30b5e
2019-05-13 14:04:20 INFO  Log:88 - TestCase - VerifyReportPageORR, started @ 2019-05-13 14:04:20.429  
------------------------------------------------------------------------------------------------------------------------- 
Description: Validate Report Page. 
Test Steps: 
 Report Page UI Validation

2019-05-13 14:06:05 INFO  Log:88 - TestCase - VerifyReportPageORR, started @ 2019-05-13 14:06:05.670  
------------------------------------------------------------------------------------------------------------------------- 
Description: Validate Report Page. 
Test Steps: 
 Report Page UI Validation

2019-05-13 14:06:35 ERROR ReportPageOperationORR:82 - element click intercepted: Element <span class="close-icon-title close-filter1">...</span> is not clickable at point (123, 10). Other element would receive the click: <span class="context-header-text">...</span>
  (Session info: chrome=74.0.3729.131)
  (Driver info: chromedriver=74.0.3729.6 (255758eccf3d244491b8a1317aa76e1ce10d57e9-refs/branch-heads/3729@{#29}),platform=Windows NT 6.1.7601 SP1 x86_64) (WARNING: The server did not provide any stacktrace information)
Command duration or timeout: 0 milliseconds
Build info: version: '3.141.59', revision: 'e82be7d358', time: '2018-11-14T08:17:03'
System info: host: 'TSD-PRATIKSHYA', ip: '192.168.10.168', os.name: 'Windows 7', os.arch: 'amd64', os.version: '6.1', java.version: '1.8.0_191'
Driver info: org.openqa.selenium.chrome.ChromeDriver
Capabilities {acceptInsecureCerts: false, acceptSslCerts: false, applicationCacheEnabled: false, browserConnectionEnabled: false, browserName: chrome, chrome: {chromedriverVersion: 74.0.3729.6 (255758eccf3d24..., userDataDir: C:\Users\PRATIK~1.S\AppData...}, cssSelectorsEnabled: true, databaseEnabled: false, goog:chromeOptions: {debuggerAddress: localhost:64230}, handlesAlerts: true, hasTouchScreen: false, javascriptEnabled: true, locationContextEnabled: true, mobileEmulationEnabled: false, nativeEvents: true, networkConnectionEnabled: false, pageLoadStrategy: normal, platform: XP, platformName: XP, proxy: Proxy(), rotatable: false, setWindowRect: true, strictFileInteractability: false, takesHeapSnapshot: true, takesScreenshot: true, timeouts: {implicit: 0, pageLoad: 300000, script: 30000}, unexpectedAlertBehaviour: ignore, unhandledPromptBehavior: ignore, version: 74.0.3729.131, webStorageEnabled: true}
Session ID: 53a96092652a443d040bd4b7bf7a7a1a
2019-05-13 14:07:21 INFO  Log:88 - TestCase - VerifyReportPageORR, started @ 2019-05-13 14:07:21.743  
------------------------------------------------------------------------------------------------------------------------- 
Description: Validate Report Page. 
Test Steps: 
 Report Page UI Validation

2019-05-13 14:07:51 ERROR ReportPageOperationORR:82 - element click intercepted: Element <span class="close-icon-title close-filter1">...</span> is not clickable at point (123, 10). Other element would receive the click: <span class="context-header-text">...</span>
  (Session info: chrome=74.0.3729.131)
  (Driver info: chromedriver=74.0.3729.6 (255758eccf3d244491b8a1317aa76e1ce10d57e9-refs/branch-heads/3729@{#29}),platform=Windows NT 6.1.7601 SP1 x86_64) (WARNING: The server did not provide any stacktrace information)
Command duration or timeout: 0 milliseconds
Build info: version: '3.141.59', revision: 'e82be7d358', time: '2018-11-14T08:17:03'
System info: host: 'TSD-PRATIKSHYA', ip: '192.168.10.168', os.name: 'Windows 7', os.arch: 'amd64', os.version: '6.1', java.version: '1.8.0_191'
Driver info: org.openqa.selenium.chrome.ChromeDriver
Capabilities {acceptInsecureCerts: false, acceptSslCerts: false, applicationCacheEnabled: false, browserConnectionEnabled: false, browserName: chrome, chrome: {chromedriverVersion: 74.0.3729.6 (255758eccf3d24..., userDataDir: C:\Users\PRATIK~1.S\AppData...}, cssSelectorsEnabled: true, databaseEnabled: false, goog:chromeOptions: {debuggerAddress: localhost:64364}, handlesAlerts: true, hasTouchScreen: false, javascriptEnabled: true, locationContextEnabled: true, mobileEmulationEnabled: false, nativeEvents: true, networkConnectionEnabled: false, pageLoadStrategy: normal, platform: XP, platformName: XP, proxy: Proxy(), rotatable: false, setWindowRect: true, strictFileInteractability: false, takesHeapSnapshot: true, takesScreenshot: true, timeouts: {implicit: 0, pageLoad: 300000, script: 30000}, unexpectedAlertBehaviour: ignore, unhandledPromptBehavior: ignore, version: 74.0.3729.131, webStorageEnabled: true}
Session ID: 13a6d92ec7831f9d46f4b1ad7d7051f7
2019-05-13 14:08:42 INFO  Log:88 - TestCase - VerifyReportPageORR, started @ 2019-05-13 14:08:42.828  
------------------------------------------------------------------------------------------------------------------------- 
Description: Validate Report Page. 
Test Steps: 
 Report Page UI Validation

2019-05-13 14:09:12 ERROR ReportPageOperationORR:82 - element click intercepted: Element <span class="close-icon-title close-filter1">...</span> is not clickable at point (123, 10). Other element would receive the click: <span class="context-header-text">...</span>
  (Session info: chrome=74.0.3729.131)
  (Driver info: chromedriver=74.0.3729.6 (255758eccf3d244491b8a1317aa76e1ce10d57e9-refs/branch-heads/3729@{#29}),platform=Windows NT 6.1.7601 SP1 x86_64) (WARNING: The server did not provide any stacktrace information)
Command duration or timeout: 0 milliseconds
Build info: version: '3.141.59', revision: 'e82be7d358', time: '2018-11-14T08:17:03'
System info: host: 'TSD-PRATIKSHYA', ip: '192.168.10.168', os.name: 'Windows 7', os.arch: 'amd64', os.version: '6.1', java.version: '1.8.0_191'
Driver info: org.openqa.selenium.chrome.ChromeDriver
Capabilities {acceptInsecureCerts: false, acceptSslCerts: false, applicationCacheEnabled: false, browserConnectionEnabled: false, browserName: chrome, chrome: {chromedriverVersion: 74.0.3729.6 (255758eccf3d24..., userDataDir: C:\Users\PRATIK~1.S\AppData...}, cssSelectorsEnabled: true, databaseEnabled: false, goog:chromeOptions: {debuggerAddress: localhost:64497}, handlesAlerts: true, hasTouchScreen: false, javascriptEnabled: true, locationContextEnabled: true, mobileEmulationEnabled: false, nativeEvents: true, networkConnectionEnabled: false, pageLoadStrategy: normal, platform: XP, platformName: XP, proxy: Proxy(), rotatable: false, setWindowRect: true, strictFileInteractability: false, takesHeapSnapshot: true, takesScreenshot: true, timeouts: {implicit: 0, pageLoad: 300000, script: 30000}, unexpectedAlertBehaviour: ignore, unhandledPromptBehavior: ignore, version: 74.0.3729.131, webStorageEnabled: true}
Session ID: 950cb2400e2729b31a533dc050ea783f
2019-05-13 14:11:48 INFO  Log:88 - TestCase - VerifyReportPageORR, started @ 2019-05-13 14:11:48.698  
------------------------------------------------------------------------------------------------------------------------- 
Description: Validate Report Page. 
Test Steps: 
 Report Page UI Validation

2019-05-13 14:12:18 ERROR ReportPageOperationORR:82 - element click intercepted: Element <button class="pull-left filter-btn " type="button" aria-expanded="false">...</button> is not clickable at point (97, 14). Other element would receive the click: <span class="context-header-text">...</span>
  (Session info: chrome=74.0.3729.131)
  (Driver info: chromedriver=74.0.3729.6 (255758eccf3d244491b8a1317aa76e1ce10d57e9-refs/branch-heads/3729@{#29}),platform=Windows NT 6.1.7601 SP1 x86_64) (WARNING: The server did not provide any stacktrace information)
Command duration or timeout: 0 milliseconds
Build info: version: '3.141.59', revision: 'e82be7d358', time: '2018-11-14T08:17:03'
System info: host: 'TSD-PRATIKSHYA', ip: '192.168.10.168', os.name: 'Windows 7', os.arch: 'amd64', os.version: '6.1', java.version: '1.8.0_191'
Driver info: org.openqa.selenium.chrome.ChromeDriver
Capabilities {acceptInsecureCerts: false, acceptSslCerts: false, applicationCacheEnabled: false, browserConnectionEnabled: false, browserName: chrome, chrome: {chromedriverVersion: 74.0.3729.6 (255758eccf3d24..., userDataDir: C:\Users\PRATIK~1.S\AppData...}, cssSelectorsEnabled: true, databaseEnabled: false, goog:chromeOptions: {debuggerAddress: localhost:64832}, handlesAlerts: true, hasTouchScreen: false, javascriptEnabled: true, locationContextEnabled: true, mobileEmulationEnabled: false, nativeEvents: true, networkConnectionEnabled: false, pageLoadStrategy: normal, platform: XP, platformName: XP, proxy: Proxy(), rotatable: false, setWindowRect: true, strictFileInteractability: false, takesHeapSnapshot: true, takesScreenshot: true, timeouts: {implicit: 0, pageLoad: 300000, script: 30000}, unexpectedAlertBehaviour: ignore, unhandledPromptBehavior: ignore, version: 74.0.3729.131, webStorageEnabled: true}
Session ID: 34378c1be04718cfd3a80fbe0a25d47f
2019-05-13 14:12:58 INFO  Log:88 - TestCase - VerifyReportPageORR, started @ 2019-05-13 14:12:58.657  
------------------------------------------------------------------------------------------------------------------------- 
Description: Validate Report Page. 
Test Steps: 
 Report Page UI Validation

2019-05-13 14:13:28 ERROR ReportPageOperationORR:82 - element click intercepted: Element <button class="pull-left filter-btn " type="button" aria-expanded="false">...</button> is not clickable at point (97, 14). Other element would receive the click: <span class="context-header-text">...</span>
  (Session info: chrome=74.0.3729.131)
  (Driver info: chromedriver=74.0.3729.6 (255758eccf3d244491b8a1317aa76e1ce10d57e9-refs/branch-heads/3729@{#29}),platform=Windows NT 6.1.7601 SP1 x86_64) (WARNING: The server did not provide any stacktrace information)
Command duration or timeout: 0 milliseconds
Build info: version: '3.141.59', revision: 'e82be7d358', time: '2018-11-14T08:17:03'
System info: host: 'TSD-PRATIKSHYA', ip: '192.168.10.168', os.name: 'Windows 7', os.arch: 'amd64', os.version: '6.1', java.version: '1.8.0_191'
Driver info: org.openqa.selenium.chrome.ChromeDriver
Capabilities {acceptInsecureCerts: false, acceptSslCerts: false, applicationCacheEnabled: false, browserConnectionEnabled: false, browserName: chrome, chrome: {chromedriverVersion: 74.0.3729.6 (255758eccf3d24..., userDataDir: C:\Users\PRATIK~1.S\AppData...}, cssSelectorsEnabled: true, databaseEnabled: false, goog:chromeOptions: {debuggerAddress: localhost:64969}, handlesAlerts: true, hasTouchScreen: false, javascriptEnabled: true, locationContextEnabled: true, mobileEmulationEnabled: false, nativeEvents: true, networkConnectionEnabled: false, pageLoadStrategy: normal, platform: XP, platformName: XP, proxy: Proxy(), rotatable: false, setWindowRect: true, strictFileInteractability: false, takesHeapSnapshot: true, takesScreenshot: true, timeouts: {implicit: 0, pageLoad: 300000, script: 30000}, unexpectedAlertBehaviour: ignore, unhandledPromptBehavior: ignore, version: 74.0.3729.131, webStorageEnabled: true}
Session ID: 31f5ef97ac9c2c4fa760fc476d59faf1
2019-05-13 14:14:45 INFO  Log:88 - TestCase - VerifyReportPageORR, started @ 2019-05-13 14:14:45.398  
------------------------------------------------------------------------------------------------------------------------- 
Description: Validate Report Page. 
Test Steps: 
 Report Page UI Validation

2019-05-13 14:15:15 ERROR ReportPageOperationORR:82 - element click intercepted: Element <button class="pull-left filter-btn " type="button" aria-expanded="false">...</button> is not clickable at point (97, 14). Other element would receive the click: <span class="context-header-text">...</span>
  (Session info: chrome=74.0.3729.131)
  (Driver info: chromedriver=74.0.3729.6 (255758eccf3d244491b8a1317aa76e1ce10d57e9-refs/branch-heads/3729@{#29}),platform=Windows NT 6.1.7601 SP1 x86_64) (WARNING: The server did not provide any stacktrace information)
Command duration or timeout: 0 milliseconds
Build info: version: '3.141.59', revision: 'e82be7d358', time: '2018-11-14T08:17:03'
System info: host: 'TSD-PRATIKSHYA', ip: '192.168.10.168', os.name: 'Windows 7', os.arch: 'amd64', os.version: '6.1', java.version: '1.8.0_191'
Driver info: org.openqa.selenium.chrome.ChromeDriver
Capabilities {acceptInsecureCerts: false, acceptSslCerts: false, applicationCacheEnabled: false, browserConnectionEnabled: false, browserName: chrome, chrome: {chromedriverVersion: 74.0.3729.6 (255758eccf3d24..., userDataDir: C:\Users\PRATIK~1.S\AppData...}, cssSelectorsEnabled: true, databaseEnabled: false, goog:chromeOptions: {debuggerAddress: localhost:65154}, handlesAlerts: true, hasTouchScreen: false, javascriptEnabled: true, locationContextEnabled: true, mobileEmulationEnabled: false, nativeEvents: true, networkConnectionEnabled: false, pageLoadStrategy: normal, platform: XP, platformName: XP, proxy: Proxy(), rotatable: false, setWindowRect: true, strictFileInteractability: false, takesHeapSnapshot: true, takesScreenshot: true, timeouts: {implicit: 0, pageLoad: 300000, script: 30000}, unexpectedAlertBehaviour: ignore, unhandledPromptBehavior: ignore, version: 74.0.3729.131, webStorageEnabled: true}
Session ID: 216a853282bacc068ca0f09ca5b3a396
2019-05-13 14:17:12 INFO  Log:88 - TestCase - VerifyReportPageORR, started @ 2019-05-13 14:17:12.315  
------------------------------------------------------------------------------------------------------------------------- 
Description: Validate Report Page. 
Test Steps: 
 Report Page UI Validation

2019-05-13 14:19:39 INFO  Log:88 - TestCase - VerifyReportPageORR, started @ 2019-05-13 14:19:39.199  
------------------------------------------------------------------------------------------------------------------------- 
Description: Validate Report Page. 
Test Steps: 
 Report Page UI Validation

2019-05-13 14:19:58 ERROR ReportPageOperationORR:82 - element click intercepted: Element <li class="">...</li> is not clickable at point (852, 19). Other element would receive the click: <div class="display-loading-main" style="display: block;">...</div>
  (Session info: chrome=74.0.3729.131)
  (Driver info: chromedriver=74.0.3729.6 (255758eccf3d244491b8a1317aa76e1ce10d57e9-refs/branch-heads/3729@{#29}),platform=Windows NT 6.1.7601 SP1 x86_64) (WARNING: The server did not provide any stacktrace information)
Command duration or timeout: 0 milliseconds
Build info: version: '3.141.59', revision: 'e82be7d358', time: '2018-11-14T08:17:03'
System info: host: 'TSD-PRATIKSHYA', ip: '192.168.10.168', os.name: 'Windows 7', os.arch: 'amd64', os.version: '6.1', java.version: '1.8.0_191'
Driver info: org.openqa.selenium.chrome.ChromeDriver
Capabilities {acceptInsecureCerts: false, acceptSslCerts: false, applicationCacheEnabled: false, browserConnectionEnabled: false, browserName: chrome, chrome: {chromedriverVersion: 74.0.3729.6 (255758eccf3d24..., userDataDir: C:\Users\PRATIK~1.S\AppData...}, cssSelectorsEnabled: true, databaseEnabled: false, goog:chromeOptions: {debuggerAddress: localhost:49165}, handlesAlerts: true, hasTouchScreen: false, javascriptEnabled: true, locationContextEnabled: true, mobileEmulationEnabled: false, nativeEvents: true, networkConnectionEnabled: false, pageLoadStrategy: normal, platform: XP, platformName: XP, proxy: Proxy(), rotatable: false, setWindowRect: true, strictFileInteractability: false, takesHeapSnapshot: true, takesScreenshot: true, timeouts: {implicit: 0, pageLoad: 300000, script: 30000}, unexpectedAlertBehaviour: ignore, unhandledPromptBehavior: ignore, version: 74.0.3729.131, webStorageEnabled: true}
Session ID: 774f1970083bdc9b6755a92bfbd347e4
2019-05-13 17:46:22 INFO  Log:88 - TestCase - VerifyReportPageORR, started @ 2019-05-13 17:46:22.767  
------------------------------------------------------------------------------------------------------------------------- 
Description: Validate Report Page. 
Test Steps: 
 Report Page UI Validation

2019-05-13 17:46:52 ERROR ReportPageOperationORR:82 - element click intercepted: Element <span class="close-icon-title close-filter1">...</span> is not clickable at point (123, 10). Other element would receive the click: <span class="context-header-text">...</span>
  (Session info: chrome=74.0.3729.131)
  (Driver info: chromedriver=74.0.3729.6 (255758eccf3d244491b8a1317aa76e1ce10d57e9-refs/branch-heads/3729@{#29}),platform=Windows NT 6.1.7601 SP1 x86_64) (WARNING: The server did not provide any stacktrace information)
Command duration or timeout: 0 milliseconds
Build info: version: '3.141.59', revision: 'e82be7d358', time: '2018-11-14T08:17:03'
System info: host: 'TSD-PRATIKSHYA', ip: '192.168.10.168', os.name: 'Windows 7', os.arch: 'amd64', os.version: '6.1', java.version: '1.8.0_191'
Driver info: org.openqa.selenium.chrome.ChromeDriver
Capabilities {acceptInsecureCerts: false, acceptSslCerts: false, applicationCacheEnabled: false, browserConnectionEnabled: false, browserName: chrome, chrome: {chromedriverVersion: 74.0.3729.6 (255758eccf3d24..., userDataDir: C:\Users\PRATIK~1.S\AppData...}, cssSelectorsEnabled: true, databaseEnabled: false, goog:chromeOptions: {debuggerAddress: localhost:59641}, handlesAlerts: true, hasTouchScreen: false, javascriptEnabled: true, locationContextEnabled: true, mobileEmulationEnabled: false, nativeEvents: true, networkConnectionEnabled: false, pageLoadStrategy: normal, platform: XP, platformName: XP, proxy: Proxy(), rotatable: false, setWindowRect: true, strictFileInteractability: false, takesHeapSnapshot: true, takesScreenshot: true, timeouts: {implicit: 0, pageLoad: 300000, script: 30000}, unexpectedAlertBehaviour: ignore, unhandledPromptBehavior: ignore, version: 74.0.3729.131, webStorageEnabled: true}
Session ID: f645c037a823932db823280524baecf2
2019-05-13 17:56:14 INFO  Log:88 - TestCase - VerifyReportPageORR, started @ 2019-05-13 17:56:14.208  
------------------------------------------------------------------------------------------------------------------------- 
Description: Validate Report Page. 
Test Steps: 
 Report Page UI Validation

2019-05-13 18:04:07 INFO  Log:88 - TestCase - VerifyReportPageORR, started @ 2019-05-13 18:04:07.955  
------------------------------------------------------------------------------------------------------------------------- 
Description: Validate Report Page. 
Test Steps: 
 Report Page UI Validation

2019-05-13 18:11:58 INFO  Log:88 - TestCase - VerifyReportPageORR, started @ 2019-05-13 18:11:58.119  
------------------------------------------------------------------------------------------------------------------------- 
Description: Validate Report Page. 
Test Steps: 
 Report Page UI Validation

2019-05-13 18:12:33 ERROR ReportPageOperationORR:82 - element click intercepted: Element <span class="close-icon-title close-filter1">...</span> is not clickable at point (123, 10). Other element would receive the click: <span class="context-header-text">...</span>
  (Session info: chrome=74.0.3729.131)
  (Driver info: chromedriver=74.0.3729.6 (255758eccf3d244491b8a1317aa76e1ce10d57e9-refs/branch-heads/3729@{#29}),platform=Windows NT 6.1.7601 SP1 x86_64) (WARNING: The server did not provide any stacktrace information)
Command duration or timeout: 0 milliseconds
Build info: version: '3.141.59', revision: 'e82be7d358', time: '2018-11-14T08:17:03'
System info: host: 'TSD-PRATIKSHYA', ip: '192.168.10.168', os.name: 'Windows 7', os.arch: 'amd64', os.version: '6.1', java.version: '1.8.0_191'
Driver info: org.openqa.selenium.chrome.ChromeDriver
Capabilities {acceptInsecureCerts: false, acceptSslCerts: false, applicationCacheEnabled: false, browserConnectionEnabled: false, browserName: chrome, chrome: {chromedriverVersion: 74.0.3729.6 (255758eccf3d24..., userDataDir: C:\Users\PRATIK~1.S\AppData...}, cssSelectorsEnabled: true, databaseEnabled: false, goog:chromeOptions: {debuggerAddress: localhost:61364}, handlesAlerts: true, hasTouchScreen: false, javascriptEnabled: true, locationContextEnabled: true, mobileEmulationEnabled: false, nativeEvents: true, networkConnectionEnabled: false, pageLoadStrategy: normal, platform: XP, platformName: XP, proxy: Proxy(), rotatable: false, setWindowRect: true, strictFileInteractability: false, takesHeapSnapshot: true, takesScreenshot: true, timeouts: {implicit: 0, pageLoad: 300000, script: 30000}, unexpectedAlertBehaviour: ignore, unhandledPromptBehavior: ignore, version: 74.0.3729.131, webStorageEnabled: true}
Session ID: 46fd143903713551db739567bc0ec132
2019-05-13 18:13:36 INFO  Log:88 - TestCase - VerifyReportPageORR, started @ 2019-05-13 18:13:36.663  
------------------------------------------------------------------------------------------------------------------------- 
Description: Validate Report Page. 
Test Steps: 
 Report Page UI Validation

2019-05-13 18:26:18 INFO  Log:88 - TestCase - VerifyReportPageORR, started @ 2019-05-13 18:26:18.542  
------------------------------------------------------------------------------------------------------------------------- 
Description: Validate Report Page. 
Test Steps: 
 Report Page UI Validation

2019-05-13 18:26:53 ERROR ReportPageOperationORR:82 - element click intercepted: Element <span class="close-icon-title close-filter1">...</span> is not clickable at point (123, 10). Other element would receive the click: <span class="context-header-text">...</span>
  (Session info: chrome=74.0.3729.131)
  (Driver info: chromedriver=74.0.3729.6 (255758eccf3d244491b8a1317aa76e1ce10d57e9-refs/branch-heads/3729@{#29}),platform=Windows NT 6.1.7601 SP1 x86_64) (WARNING: The server did not provide any stacktrace information)
Command duration or timeout: 0 milliseconds
Build info: version: '3.141.59', revision: 'e82be7d358', time: '2018-11-14T08:17:03'
System info: host: 'TSD-PRATIKSHYA', ip: '192.168.10.168', os.name: 'Windows 7', os.arch: 'amd64', os.version: '6.1', java.version: '1.8.0_191'
Driver info: org.openqa.selenium.chrome.ChromeDriver
Capabilities {acceptInsecureCerts: false, acceptSslCerts: false, applicationCacheEnabled: false, browserConnectionEnabled: false, browserName: chrome, chrome: {chromedriverVersion: 74.0.3729.6 (255758eccf3d24..., userDataDir: C:\Users\PRATIK~1.S\AppData...}, cssSelectorsEnabled: true, databaseEnabled: false, goog:chromeOptions: {debuggerAddress: localhost:62510}, handlesAlerts: true, hasTouchScreen: false, javascriptEnabled: true, locationContextEnabled: true, mobileEmulationEnabled: false, nativeEvents: true, networkConnectionEnabled: false, pageLoadStrategy: normal, platform: XP, platformName: XP, proxy: Proxy(), rotatable: false, setWindowRect: true, strictFileInteractability: false, takesHeapSnapshot: true, takesScreenshot: true, timeouts: {implicit: 0, pageLoad: 300000, script: 30000}, unexpectedAlertBehaviour: ignore, unhandledPromptBehavior: ignore, version: 74.0.3729.131, webStorageEnabled: true}
Session ID: a311f256d94768911b13e3deec01e893
2019-05-13 18:28:08 INFO  Log:88 - TestCase - VerifyReportPageORR, started @ 2019-05-13 18:28:08.723  
------------------------------------------------------------------------------------------------------------------------- 
Description: Validate Report Page. 
Test Steps: 
 Report Page UI Validation

2019-05-13 18:30:48 INFO  Log:88 - TestCase - VerifyReportPageORR, started @ 2019-05-13 18:30:48.462  
------------------------------------------------------------------------------------------------------------------------- 
Description: Validate Report Page. 
Test Steps: 
 Report Page UI Validation

2019-05-13 18:31:28 ERROR ReportPageOperationORR:82 - element click intercepted: Element <span class="close-icon-title close-filter1">...</span> is not clickable at point (123, 10). Other element would receive the click: <span class="context-header-text">...</span>
  (Session info: chrome=74.0.3729.131)
  (Driver info: chromedriver=74.0.3729.6 (255758eccf3d244491b8a1317aa76e1ce10d57e9-refs/branch-heads/3729@{#29}),platform=Windows NT 6.1.7601 SP1 x86_64) (WARNING: The server did not provide any stacktrace information)
Command duration or timeout: 0 milliseconds
Build info: version: '3.141.59', revision: 'e82be7d358', time: '2018-11-14T08:17:03'
System info: host: 'TSD-PRATIKSHYA', ip: '192.168.10.168', os.name: 'Windows 7', os.arch: 'amd64', os.version: '6.1', java.version: '1.8.0_191'
Driver info: org.openqa.selenium.chrome.ChromeDriver
Capabilities {acceptInsecureCerts: false, acceptSslCerts: false, applicationCacheEnabled: false, browserConnectionEnabled: false, browserName: chrome, chrome: {chromedriverVersion: 74.0.3729.6 (255758eccf3d24..., userDataDir: C:\Users\PRATIK~1.S\AppData...}, cssSelectorsEnabled: true, databaseEnabled: false, goog:chromeOptions: {debuggerAddress: localhost:62902}, handlesAlerts: true, hasTouchScreen: false, javascriptEnabled: true, locationContextEnabled: true, mobileEmulationEnabled: false, nativeEvents: true, networkConnectionEnabled: false, pageLoadStrategy: normal, platform: XP, platformName: XP, proxy: Proxy(), rotatable: false, setWindowRect: true, strictFileInteractability: false, takesHeapSnapshot: true, takesScreenshot: true, timeouts: {implicit: 0, pageLoad: 300000, script: 30000}, unexpectedAlertBehaviour: ignore, unhandledPromptBehavior: ignore, version: 74.0.3729.131, webStorageEnabled: true}
Session ID: d6285db576e717064c667322b79f5558
2019-05-13 18:32:17 INFO  Log:88 - TestCase - VerifyReportPageORR, started @ 2019-05-13 18:32:17.830  
------------------------------------------------------------------------------------------------------------------------- 
Description: Validate Report Page. 
Test Steps: 
 Report Page UI Validation

2019-05-13 18:32:58 ERROR ReportPageOperationORR:82 - element click intercepted: Element <span class="close-icon-title close-filter1">...</span> is not clickable at point (123, 10). Other element would receive the click: <span class="context-header-text">...</span>
  (Session info: chrome=74.0.3729.131)
  (Driver info: chromedriver=74.0.3729.6 (255758eccf3d244491b8a1317aa76e1ce10d57e9-refs/branch-heads/3729@{#29}),platform=Windows NT 6.1.7601 SP1 x86_64) (WARNING: The server did not provide any stacktrace information)
Command duration or timeout: 0 milliseconds
Build info: version: '3.141.59', revision: 'e82be7d358', time: '2018-11-14T08:17:03'
System info: host: 'TSD-PRATIKSHYA', ip: '192.168.10.168', os.name: 'Windows 7', os.arch: 'amd64', os.version: '6.1', java.version: '1.8.0_191'
Driver info: org.openqa.selenium.chrome.ChromeDriver
Capabilities {acceptInsecureCerts: false, acceptSslCerts: false, applicationCacheEnabled: false, browserConnectionEnabled: false, browserName: chrome, chrome: {chromedriverVersion: 74.0.3729.6 (255758eccf3d24..., userDataDir: C:\Users\PRATIK~1.S\AppData...}, cssSelectorsEnabled: true, databaseEnabled: false, goog:chromeOptions: {debuggerAddress: localhost:63055}, handlesAlerts: true, hasTouchScreen: false, javascriptEnabled: true, locationContextEnabled: true, mobileEmulationEnabled: false, nativeEvents: true, networkConnectionEnabled: false, pageLoadStrategy: normal, platform: XP, platformName: XP, proxy: Proxy(), rotatable: false, setWindowRect: true, strictFileInteractability: false, takesHeapSnapshot: true, takesScreenshot: true, timeouts: {implicit: 0, pageLoad: 300000, script: 30000}, unexpectedAlertBehaviour: ignore, unhandledPromptBehavior: ignore, version: 74.0.3729.131, webStorageEnabled: true}
Session ID: 173f5403c69db50e5645e7b326311153
2019-05-13 18:42:05 INFO  Log:88 - TestCase - VerifyReportPageORR, started @ 2019-05-13 18:42:05.037  
------------------------------------------------------------------------------------------------------------------------- 
Description: Validate Report Page. 
Test Steps: 
 Report Page UI Validation

2019-05-13 18:42:54 INFO  Log:88 - TestCase - VerifyReportPageORR, started @ 2019-05-13 18:42:54.700  
------------------------------------------------------------------------------------------------------------------------- 
Description: Validate Report Page. 
Test Steps: 
 Report Page UI Validation

2019-05-13 18:47:25 INFO  Log:88 - TestCase - VerifyReportPageORR, started @ 2019-05-13 18:47:25.426  
------------------------------------------------------------------------------------------------------------------------- 
Description: Validate Report Page. 
Test Steps: 
 Report Page UI Validation

2019-05-13 18:47:45 ERROR SeleniumWrapper:82 - org.openqa.selenium.NoSuchElementException: no such element: Unable to locate element: {"method":"xpath","selector":"//span[text()='Filter']"}
  (Session info: chrome=74.0.3729.131)
  (Driver info: chromedriver=74.0.3729.6 (255758eccf3d244491b8a1317aa76e1ce10d57e9-refs/branch-heads/3729@{#29}),platform=Windows NT 6.1.7601 SP1 x86_64) (WARNING: The server did not provide any stacktrace information)
Command duration or timeout: 0 milliseconds
For documentation on this error, please visit: https://www.seleniumhq.org/exceptions/no_such_element.html
Build info: version: '3.141.59', revision: 'e82be7d358', time: '2018-11-14T08:17:03'
System info: host: 'TSD-PRATIKSHYA', ip: '192.168.10.168', os.name: 'Windows 7', os.arch: 'amd64', os.version: '6.1', java.version: '1.8.0_191'
Driver info: org.openqa.selenium.chrome.ChromeDriver
Capabilities {acceptInsecureCerts: false, acceptSslCerts: false, applicationCacheEnabled: false, browserConnectionEnabled: false, browserName: chrome, chrome: {chromedriverVersion: 74.0.3729.6 (255758eccf3d24..., userDataDir: C:\Users\PRATIK~1.S\AppData...}, cssSelectorsEnabled: true, databaseEnabled: false, goog:chromeOptions: {debuggerAddress: localhost:55016}, handlesAlerts: true, hasTouchScreen: false, javascriptEnabled: true, locationContextEnabled: true, mobileEmulationEnabled: false, nativeEvents: true, networkConnectionEnabled: false, pageLoadStrategy: normal, platform: XP, platformName: XP, proxy: Proxy(), rotatable: false, setWindowRect: true, strictFileInteractability: false, takesHeapSnapshot: true, takesScreenshot: true, timeouts: {implicit: 0, pageLoad: 300000, script: 30000}, unexpectedAlertBehaviour: ignore, unhandledPromptBehavior: ignore, version: 74.0.3729.131, webStorageEnabled: true}
Session ID: 43023524b7714e53b9c3ab9b7e8c2d1e
*** Element info: {Using=xpath, value=//span[text()='Filter']}
2019-05-13 18:48:51 INFO  Log:88 - TestCase - VerifyReportPageORR, started @ 2019-05-13 18:48:51.308  
------------------------------------------------------------------------------------------------------------------------- 
Description: Validate Report Page. 
Test Steps: 
 Report Page UI Validation

2019-05-13 18:49:11 ERROR ReportPageOperationORR:82 - com.benchmark.framework.ui.controls.MSGenericElement cannot be cast to org.openqa.selenium.WebElement
2019-05-13 19:08:09 INFO  Log:88 - TestCase - VerifyReportPageORR, started @ 2019-05-13 19:08:09.934  
------------------------------------------------------------------------------------------------------------------------- 
Description: Validate Report Page. 
Test Steps: 
 Report Page UI Validation

2019-05-13 19:11:50 INFO  Log:88 - TestCase - VerifyReportPageORR, started @ 2019-05-13 19:11:50.232  
------------------------------------------------------------------------------------------------------------------------- 
Description: Validate Report Page. 
Test Steps: 
 Report Page UI Validation

2019-05-13 19:13:42 INFO  Log:88 - TestCase - VerifyReportPageORR, started @ 2019-05-13 19:13:42.714  
------------------------------------------------------------------------------------------------------------------------- 
Description: Validate Report Page. 
Test Steps: 
 Report Page UI Validation

2019-05-13 19:13:47 ERROR SeleniumWrapper:82 - org.openqa.selenium.NoSuchElementException: no such element: Unable to locate element: {"method":"xpath","selector":"//li[contains(text(),'Oral Reading Records')]"}
  (Session info: chrome=74.0.3729.131)
  (Driver info: chromedriver=74.0.3729.6 (255758eccf3d244491b8a1317aa76e1ce10d57e9-refs/branch-heads/3729@{#29}),platform=Windows NT 6.1.7601 SP1 x86_64) (WARNING: The server did not provide any stacktrace information)
Command duration or timeout: 0 milliseconds
For documentation on this error, please visit: https://www.seleniumhq.org/exceptions/no_such_element.html
Build info: version: '3.141.59', revision: 'e82be7d358', time: '2018-11-14T08:17:03'
System info: host: 'TSD-PRATIKSHYA', ip: '192.168.10.168', os.name: 'Windows 7', os.arch: 'amd64', os.version: '6.1', java.version: '1.8.0_191'
Driver info: org.openqa.selenium.chrome.ChromeDriver
Capabilities {acceptInsecureCerts: false, acceptSslCerts: false, applicationCacheEnabled: false, browserConnectionEnabled: false, browserName: chrome, chrome: {chromedriverVersion: 74.0.3729.6 (255758eccf3d24..., userDataDir: C:\Users\PRATIK~1.S\AppData...}, cssSelectorsEnabled: true, databaseEnabled: false, goog:chromeOptions: {debuggerAddress: localhost:56813}, handlesAlerts: true, hasTouchScreen: false, javascriptEnabled: true, locationContextEnabled: true, mobileEmulationEnabled: false, nativeEvents: true, networkConnectionEnabled: false, pageLoadStrategy: normal, platform: XP, platformName: XP, proxy: Proxy(), rotatable: false, setWindowRect: true, strictFileInteractability: false, takesHeapSnapshot: true, takesScreenshot: true, timeouts: {implicit: 0, pageLoad: 300000, script: 30000}, unexpectedAlertBehaviour: ignore, unhandledPromptBehavior: ignore, version: 74.0.3729.131, webStorageEnabled: true}
Session ID: cfc7a0eb26a1b13cba552dc16fa9d637
*** Element info: {Using=xpath, value=//li[contains(text(),'Oral Reading Records')]}
2019-05-13 19:17:29 INFO  Log:88 - TestCase - VerifyReportPageORR, started @ 2019-05-13 19:17:29.847  
------------------------------------------------------------------------------------------------------------------------- 
Description: Validate Report Page. 
Test Steps: 
 Report Page UI Validation

2019-05-13 19:17:36 ERROR ReportPageOperationORR:82 - element click intercepted: Element <li class="">...</li> is not clickable at point (852, 19). Other element would receive the click: <div class="display-loading-main" style="display: block;">...</div>
  (Session info: chrome=74.0.3729.131)
  (Driver info: chromedriver=74.0.3729.6 (255758eccf3d244491b8a1317aa76e1ce10d57e9-refs/branch-heads/3729@{#29}),platform=Windows NT 6.1.7601 SP1 x86_64) (WARNING: The server did not provide any stacktrace information)
Command duration or timeout: 0 milliseconds
Build info: version: '3.141.59', revision: 'e82be7d358', time: '2018-11-14T08:17:03'
System info: host: 'TSD-PRATIKSHYA', ip: '192.168.10.168', os.name: 'Windows 7', os.arch: 'amd64', os.version: '6.1', java.version: '1.8.0_191'
Driver info: org.openqa.selenium.chrome.ChromeDriver
Capabilities {acceptInsecureCerts: false, acceptSslCerts: false, applicationCacheEnabled: false, browserConnectionEnabled: false, browserName: chrome, chrome: {chromedriverVersion: 74.0.3729.6 (255758eccf3d24..., userDataDir: C:\Users\PRATIK~1.S\AppData...}, cssSelectorsEnabled: true, databaseEnabled: false, goog:chromeOptions: {debuggerAddress: localhost:57059}, handlesAlerts: true, hasTouchScreen: false, javascriptEnabled: true, locationContextEnabled: true, mobileEmulationEnabled: false, nativeEvents: true, networkConnectionEnabled: false, pageLoadStrategy: normal, platform: XP, platformName: XP, proxy: Proxy(), rotatable: false, setWindowRect: true, strictFileInteractability: false, takesHeapSnapshot: true, takesScreenshot: true, timeouts: {implicit: 0, pageLoad: 300000, script: 30000}, unexpectedAlertBehaviour: ignore, unhandledPromptBehavior: ignore, version: 74.0.3729.131, webStorageEnabled: true}
Session ID: 35da3b599a06d4a35ed6a233c3a0aea4
2019-05-13 19:18:14 INFO  Log:88 - TestCase - VerifyReportPageORR, started @ 2019-05-13 19:18:14.667  
------------------------------------------------------------------------------------------------------------------------- 
Description: Validate Report Page. 
Test Steps: 
 Report Page UI Validation

2019-05-13 19:18:20 ERROR ReportPageOperationORR:82 - element click intercepted: Element <li class="">...</li> is not clickable at point (852, 19). Other element would receive the click: <div class="display-loading-main" style="display: block;">...</div>
  (Session info: chrome=74.0.3729.131)
  (Driver info: chromedriver=74.0.3729.6 (255758eccf3d244491b8a1317aa76e1ce10d57e9-refs/branch-heads/3729@{#29}),platform=Windows NT 6.1.7601 SP1 x86_64) (WARNING: The server did not provide any stacktrace information)
Command duration or timeout: 0 milliseconds
Build info: version: '3.141.59', revision: 'e82be7d358', time: '2018-11-14T08:17:03'
System info: host: 'TSD-PRATIKSHYA', ip: '192.168.10.168', os.name: 'Windows 7', os.arch: 'amd64', os.version: '6.1', java.version: '1.8.0_191'
Driver info: org.openqa.selenium.chrome.ChromeDriver
Capabilities {acceptInsecureCerts: false, acceptSslCerts: false, applicationCacheEnabled: false, browserConnectionEnabled: false, browserName: chrome, chrome: {chromedriverVersion: 74.0.3729.6 (255758eccf3d24..., userDataDir: C:\Users\PRATIK~1.S\AppData...}, cssSelectorsEnabled: true, databaseEnabled: false, goog:chromeOptions: {debuggerAddress: localhost:57149}, handlesAlerts: true, hasTouchScreen: false, javascriptEnabled: true, locationContextEnabled: true, mobileEmulationEnabled: false, nativeEvents: true, networkConnectionEnabled: false, pageLoadStrategy: normal, platform: XP, platformName: XP, proxy: Proxy(), rotatable: false, setWindowRect: true, strictFileInteractability: false, takesHeapSnapshot: true, takesScreenshot: true, timeouts: {implicit: 0, pageLoad: 300000, script: 30000}, unexpectedAlertBehaviour: ignore, unhandledPromptBehavior: ignore, version: 74.0.3729.131, webStorageEnabled: true}
Session ID: 900a095534d0aa6434f2fa5ebbc7752e
2019-05-13 19:19:23 INFO  Log:88 - TestCase - VerifyReportPageORR, started @ 2019-05-13 19:19:23.551  
------------------------------------------------------------------------------------------------------------------------- 
Description: Validate Report Page. 
Test Steps: 
 Report Page UI Validation

2019-05-13 19:20:07 INFO  Log:88 - TestCase - VerifyReportPageORR, started @ 2019-05-13 19:20:07.012  
------------------------------------------------------------------------------------------------------------------------- 
Description: Validate Report Page. 
Test Steps: 
 Report Page UI Validation

2019-05-13 19:20:12 ERROR ReportPageOperationORR:82 - element click intercepted: Element <li class="">...</li> is not clickable at point (852, 19). Other element would receive the click: <div class="display-loading-main" style="display: block;">...</div>
  (Session info: chrome=74.0.3729.131)
  (Driver info: chromedriver=74.0.3729.6 (255758eccf3d244491b8a1317aa76e1ce10d57e9-refs/branch-heads/3729@{#29}),platform=Windows NT 6.1.7601 SP1 x86_64) (WARNING: The server did not provide any stacktrace information)
Command duration or timeout: 0 milliseconds
Build info: version: '3.141.59', revision: 'e82be7d358', time: '2018-11-14T08:17:03'
System info: host: 'TSD-PRATIKSHYA', ip: '192.168.10.168', os.name: 'Windows 7', os.arch: 'amd64', os.version: '6.1', java.version: '1.8.0_191'
Driver info: org.openqa.selenium.chrome.ChromeDriver
Capabilities {acceptInsecureCerts: false, acceptSslCerts: false, applicationCacheEnabled: false, browserConnectionEnabled: false, browserName: chrome, chrome: {chromedriverVersion: 74.0.3729.6 (255758eccf3d24..., userDataDir: C:\Users\PRATIK~1.S\AppData...}, cssSelectorsEnabled: true, databaseEnabled: false, goog:chromeOptions: {debuggerAddress: localhost:57369}, handlesAlerts: true, hasTouchScreen: false, javascriptEnabled: true, locationContextEnabled: true, mobileEmulationEnabled: false, nativeEvents: true, networkConnectionEnabled: false, pageLoadStrategy: normal, platform: XP, platformName: XP, proxy: Proxy(), rotatable: false, setWindowRect: true, strictFileInteractability: false, takesHeapSnapshot: true, takesScreenshot: true, timeouts: {implicit: 0, pageLoad: 300000, script: 30000}, unexpectedAlertBehaviour: ignore, unhandledPromptBehavior: ignore, version: 74.0.3729.131, webStorageEnabled: true}
Session ID: ee7fe66332f44c0bd3bf86d019b69812
2019-05-13 19:21:56 INFO  Log:88 - TestCase - VerifyReportPageORR, started @ 2019-05-13 19:21:56.688  
------------------------------------------------------------------------------------------------------------------------- 
Description: Validate Report Page. 
Test Steps: 
 Report Page UI Validation

2019-05-13 19:22:03 ERROR ReportPageOperationORR:82 - element click intercepted: Element <li class="">...</li> is not clickable at point (852, 19). Other element would receive the click: <div class="display-loading-main" style="display: block;">...</div>
  (Session info: chrome=74.0.3729.131)
  (Driver info: chromedriver=74.0.3729.6 (255758eccf3d244491b8a1317aa76e1ce10d57e9-refs/branch-heads/3729@{#29}),platform=Windows NT 6.1.7601 SP1 x86_64) (WARNING: The server did not provide any stacktrace information)
Command duration or timeout: 0 milliseconds
Build info: version: '3.141.59', revision: 'e82be7d358', time: '2018-11-14T08:17:03'
System info: host: 'TSD-PRATIKSHYA', ip: '192.168.10.168', os.name: 'Windows 7', os.arch: 'amd64', os.version: '6.1', java.version: '1.8.0_191'
Driver info: org.openqa.selenium.chrome.ChromeDriver
Capabilities {acceptInsecureCerts: false, acceptSslCerts: false, applicationCacheEnabled: false, browserConnectionEnabled: false, browserName: chrome, chrome: {chromedriverVersion: 74.0.3729.6 (255758eccf3d24..., userDataDir: C:\Users\PRATIK~1.S\AppData...}, cssSelectorsEnabled: true, databaseEnabled: false, goog:chromeOptions: {debuggerAddress: localhost:57516}, handlesAlerts: true, hasTouchScreen: false, javascriptEnabled: true, locationContextEnabled: true, mobileEmulationEnabled: false, nativeEvents: true, networkConnectionEnabled: false, pageLoadStrategy: normal, platform: XP, platformName: XP, proxy: Proxy(), rotatable: false, setWindowRect: true, strictFileInteractability: false, takesHeapSnapshot: true, takesScreenshot: true, timeouts: {implicit: 0, pageLoad: 300000, script: 30000}, unexpectedAlertBehaviour: ignore, unhandledPromptBehavior: ignore, version: 74.0.3729.131, webStorageEnabled: true}
Session ID: cc63de4bbda34ecc001b9a2a778cbc73
2019-05-13 19:22:51 INFO  Log:88 - TestCase - VerifyReportPageORR, started @ 2019-05-13 19:22:51.904  
------------------------------------------------------------------------------------------------------------------------- 
Description: Validate Report Page. 
Test Steps: 
 Report Page UI Validation

2019-05-13 19:51:54 INFO  Log:88 - TestCase - VerifyReportPageORR, started @ 2019-05-13 19:51:54.245  
------------------------------------------------------------------------------------------------------------------------- 
Description: Validate Report Page. 
Test Steps: 
 Report Page UI Validation

2019-05-13 19:52:14 ERROR ReportPageOperationORR:82 - element click intercepted: Element <span class="close-icon-title close-filter1">...</span> is not clickable at point (123, 10). Other element would receive the click: <span class="context-header-text">...</span>
  (Session info: chrome=74.0.3729.131)
  (Driver info: chromedriver=74.0.3729.6 (255758eccf3d244491b8a1317aa76e1ce10d57e9-refs/branch-heads/3729@{#29}),platform=Windows NT 6.1.7601 SP1 x86_64) (WARNING: The server did not provide any stacktrace information)
Command duration or timeout: 0 milliseconds
Build info: version: '3.141.59', revision: 'e82be7d358', time: '2018-11-14T08:17:03'
System info: host: 'TSD-PRATIKSHYA', ip: '192.168.10.168', os.name: 'Windows 7', os.arch: 'amd64', os.version: '6.1', java.version: '1.8.0_191'
Driver info: org.openqa.selenium.chrome.ChromeDriver
Capabilities {acceptInsecureCerts: false, acceptSslCerts: false, applicationCacheEnabled: false, browserConnectionEnabled: false, browserName: chrome, chrome: {chromedriverVersion: 74.0.3729.6 (255758eccf3d24..., userDataDir: C:\Users\PRATIK~1.S\AppData...}, cssSelectorsEnabled: true, databaseEnabled: false, goog:chromeOptions: {debuggerAddress: localhost:60594}, handlesAlerts: true, hasTouchScreen: false, javascriptEnabled: true, locationContextEnabled: true, mobileEmulationEnabled: false, nativeEvents: true, networkConnectionEnabled: false, pageLoadStrategy: normal, platform: XP, platformName: XP, proxy: Proxy(), rotatable: false, setWindowRect: true, strictFileInteractability: false, takesHeapSnapshot: true, takesScreenshot: true, timeouts: {implicit: 0, pageLoad: 300000, script: 30000}, unexpectedAlertBehaviour: ignore, unhandledPromptBehavior: ignore, version: 74.0.3729.131, webStorageEnabled: true}
Session ID: c6646450654af954bd672e3807641304
2019-05-13 19:53:06 INFO  Log:88 - TestCase - VerifyReportPageORR, started @ 2019-05-13 19:53:06.126  
------------------------------------------------------------------------------------------------------------------------- 
Description: Validate Report Page. 
Test Steps: 
 Report Page UI Validation

2019-05-13 19:53:46 ERROR ReportPageOperationORR:82 - Expected condition failed: waiting for element to be clickable: By.xpath: //span[text()='Filter'] (tried for 20 second(s) with 500 milliseconds interval)
Build info: version: '3.141.59', revision: 'e82be7d358', time: '2018-11-14T08:17:03'
System info: host: 'TSD-PRATIKSHYA', ip: '192.168.10.168', os.name: 'Windows 7', os.arch: 'amd64', os.version: '6.1', java.version: '1.8.0_191'
Driver info: org.openqa.selenium.chrome.ChromeDriver
Capabilities {acceptInsecureCerts: false, acceptSslCerts: false, applicationCacheEnabled: false, browserConnectionEnabled: false, browserName: chrome, chrome: {chromedriverVersion: 74.0.3729.6 (255758eccf3d24..., userDataDir: C:\Users\PRATIK~1.S\AppData...}, cssSelectorsEnabled: true, databaseEnabled: false, goog:chromeOptions: {debuggerAddress: localhost:60797}, handlesAlerts: true, hasTouchScreen: false, javascriptEnabled: true, locationContextEnabled: true, mobileEmulationEnabled: false, nativeEvents: true, networkConnectionEnabled: false, pageLoadStrategy: normal, platform: XP, platformName: XP, proxy: Proxy(), rotatable: false, setWindowRect: true, strictFileInteractability: false, takesHeapSnapshot: true, takesScreenshot: true, timeouts: {implicit: 0, pageLoad: 300000, script: 30000}, unexpectedAlertBehaviour: ignore, unhandledPromptBehavior: ignore, version: 74.0.3729.131, webStorageEnabled: true}
Session ID: a6e640905708ac49574f8d39513262ce
2019-05-13 19:55:59 INFO  Log:88 - TestCase - VerifyReportPageORR, started @ 2019-05-13 19:55:59.202  
------------------------------------------------------------------------------------------------------------------------- 
Description: Validate Report Page. 
Test Steps: 
 Report Page UI Validation

2019-05-13 19:56:39 ERROR ReportPageOperationORR:82 - Expected condition failed: waiting for element to be clickable: By.xpath: //span[text()='Filter'] (tried for 20 second(s) with 500 milliseconds interval)
Build info: version: '3.141.59', revision: 'e82be7d358', time: '2018-11-14T08:17:03'
System info: host: 'TSD-PRATIKSHYA', ip: '192.168.10.168', os.name: 'Windows 7', os.arch: 'amd64', os.version: '6.1', java.version: '1.8.0_191'
Driver info: org.openqa.selenium.chrome.ChromeDriver
Capabilities {acceptInsecureCerts: false, acceptSslCerts: false, applicationCacheEnabled: false, browserConnectionEnabled: false, browserName: chrome, chrome: {chromedriverVersion: 74.0.3729.6 (255758eccf3d24..., userDataDir: C:\Users\PRATIK~1.S\AppData...}, cssSelectorsEnabled: true, databaseEnabled: false, goog:chromeOptions: {debuggerAddress: localhost:61110}, handlesAlerts: true, hasTouchScreen: false, javascriptEnabled: true, locationContextEnabled: true, mobileEmulationEnabled: false, nativeEvents: true, networkConnectionEnabled: false, pageLoadStrategy: normal, platform: XP, platformName: XP, proxy: Proxy(), rotatable: false, setWindowRect: true, strictFileInteractability: false, takesHeapSnapshot: true, takesScreenshot: true, timeouts: {implicit: 0, pageLoad: 300000, script: 30000}, unexpectedAlertBehaviour: ignore, unhandledPromptBehavior: ignore, version: 74.0.3729.131, webStorageEnabled: true}
Session ID: 0e654a8ab13ced632bcb8ddd73e281bf
2019-05-13 19:58:15 INFO  Log:88 - TestCase - VerifyReportPageORR, started @ 2019-05-13 19:58:15.839  
------------------------------------------------------------------------------------------------------------------------- 
Description: Validate Report Page. 
Test Steps: 
 Report Page UI Validation

2019-05-13 20:02:50 INFO  Log:88 - TestCase - VerifyReportPageORR, started @ 2019-05-13 20:02:50.267  
------------------------------------------------------------------------------------------------------------------------- 
Description: Validate Report Page. 
Test Steps: 
 Report Page UI Validation

2019-05-13 20:03:54 INFO  Log:88 - TestCase - VerifyReportPageORR, started @ 2019-05-13 20:03:54.699  
------------------------------------------------------------------------------------------------------------------------- 
Description: Validate Report Page. 
Test Steps: 
 Report Page UI Validation

2019-05-13 20:06:28 INFO  Log:88 - TestCase - VerifyReportPageORR, started @ 2019-05-13 20:06:28.003  
------------------------------------------------------------------------------------------------------------------------- 
Description: Validate Report Page. 
Test Steps: 
 Report Page UI Validation

2019-05-13 22:49:20 INFO  Log:88 - TestCase - VerifyReportPageORR, started @ 2019-05-13 22:49:20.816  
------------------------------------------------------------------------------------------------------------------------- 
Description: Validate Report Page. 
Test Steps: 
 Report Page UI Validation

2019-05-13 22:52:48 INFO  Log:88 - TestCase - VerifyReportPageORR, started @ 2019-05-13 22:52:48.285  
------------------------------------------------------------------------------------------------------------------------- 
Description: Validate Report Page. 
Test Steps: 
 Report Page UI Validation

2019-05-13 22:58:44 INFO  Log:88 - TestCase - VerifyReportPageORR, started @ 2019-05-13 22:58:44.045  
------------------------------------------------------------------------------------------------------------------------- 
Description: Validate Report Page. 
Test Steps: 
 Report Page UI Validation

2019-05-13 23:00:01 INFO  Log:88 - TestCase - VerifyReportPageORR, started @ 2019-05-13 23:00:01.731  
------------------------------------------------------------------------------------------------------------------------- 
Description: Validate Report Page. 
Test Steps: 
 Report Page UI Validation

2019-05-13 23:40:46 INFO  Log:88 - TestCase - VerifyReportPageORR, started @ 2019-05-13 23:40:46.232  
------------------------------------------------------------------------------------------------------------------------- 
Description: Validate Report Page. 
Test Steps: 
 Report Page UI Validation

2019-05-13 23:48:10 INFO  Log:88 - TestCase - VerifyReportPageORR, started @ 2019-05-13 23:48:10.424  
------------------------------------------------------------------------------------------------------------------------- 
Description: Validate Report Page. 
Test Steps: 
 Report Page UI Validation

2019-05-13 23:59:38 INFO  Log:88 - TestCase - VerifyReportPageORR, started @ 2019-05-13 23:59:38.385  
------------------------------------------------------------------------------------------------------------------------- 
Description: Validate Report Page. 
Test Steps: 
 Report Page UI Validation

2019-05-14 00:02:54 INFO  Log:88 - TestCase - VerifyReportPageORR, started @ 2019-05-14 00:02:54.958  
------------------------------------------------------------------------------------------------------------------------- 
Description: Validate Report Page. 
Test Steps: 
 Report Page UI Validation

2019-05-14 00:05:17 INFO  Log:88 - TestCase - VerifyReportPageORR, started @ 2019-05-14 00:05:17.600  
------------------------------------------------------------------------------------------------------------------------- 
Description: Validate Report Page. 
Test Steps: 
 Report Page UI Validation

2019-05-14 00:11:52 INFO  Log:88 - TestCase - VerifyReportPageORR, started @ 2019-05-14 00:11:52.934  
------------------------------------------------------------------------------------------------------------------------- 
Description: Validate Report Page. 
Test Steps: 
 Report Page UI Validation

2019-05-14 09:10:16 INFO  Log:88 - TestCase - VerifyReportPageORR, started @ 2019-05-14 09:10:16.080  
------------------------------------------------------------------------------------------------------------------------- 
Description: Validate Report Page. 
Test Steps: 
 Report Page UI Validation

2019-05-14 09:12:06 INFO  Log:88 - TestCase - VerifyReportPageORR, started @ 2019-05-14 09:12:06.357  
------------------------------------------------------------------------------------------------------------------------- 
Description: Validate Report Page. 
Test Steps: 
 Report Page UI Validation

2019-05-14 09:13:16 INFO  Log:88 - TestCase - VerifyReportPageORR, started @ 2019-05-14 09:13:16.542  
------------------------------------------------------------------------------------------------------------------------- 
Description: Validate Report Page. 
Test Steps: 
 Report Page UI Validation

2019-05-14 09:16:46 INFO  Log:88 - TestCase - VerifyReportPageORR, started @ 2019-05-14 09:16:46.112  
------------------------------------------------------------------------------------------------------------------------- 
Description: Validate Report Page. 
Test Steps: 
 Report Page UI Validation

2019-05-14 09:17:44 INFO  Log:88 - TestCase - VerifyReportPageORR, started @ 2019-05-14 09:17:44.716  
------------------------------------------------------------------------------------------------------------------------- 
Description: Validate Report Page. 
Test Steps: 
 Report Page UI Validation

2019-05-14 09:19:10 INFO  Log:88 - TestCase - VerifyReportPageORR, started @ 2019-05-14 09:19:10.265  
------------------------------------------------------------------------------------------------------------------------- 
Description: Validate Report Page. 
Test Steps: 
 Report Page UI Validation

2019-05-14 09:21:40 INFO  Log:88 - TestCase - VerifyReportPageORR, started @ 2019-05-14 09:21:40.461  
------------------------------------------------------------------------------------------------------------------------- 
Description: Validate Report Page. 
Test Steps: 
 Report Page UI Validation

2019-05-14 09:24:44 INFO  Log:88 - TestCase - VerifyReportPageORR, started @ 2019-05-14 09:24:44.611  
------------------------------------------------------------------------------------------------------------------------- 
Description: Validate Report Page. 
Test Steps: 
 Report Page UI Validation

2019-05-14 09:26:44 INFO  Log:88 - TestCase - VerifyReportPageORR, started @ 2019-05-14 09:26:44.906  
------------------------------------------------------------------------------------------------------------------------- 
Description: Validate Report Page. 
Test Steps: 
 Report Page UI Validation

2019-05-14 09:31:35 INFO  Log:88 - TestCase - VerifyReportPageORR, started @ 2019-05-14 09:31:35.486  
------------------------------------------------------------------------------------------------------------------------- 
Description: Validate Report Page. 
Test Steps: 
 Report Page UI Validation

2019-05-14 09:37:27 INFO  Log:88 - TestCase - VerifyReportPageORR, started @ 2019-05-14 09:37:27.990  
------------------------------------------------------------------------------------------------------------------------- 
Description: Validate Report Page. 
Test Steps: 
 Report Page UI Validation

2019-05-14 15:19:11 INFO  Log:88 - TestCase - VerifyReportPageORR, started @ 2019-05-14 15:19:11.730  
------------------------------------------------------------------------------------------------------------------------- 
Description: Validate Filters Report Page. 
Test Steps: 
 Report Page Filter Validation

2019-05-14 15:20:27 INFO  Log:88 - TestCase - VerifyReportPageORR, started @ 2019-05-14 15:20:27.796  
------------------------------------------------------------------------------------------------------------------------- 
Description: Validate Filters Report Page. 
Test Steps: 
 Report Page Filter Validation

2019-05-14 15:22:31 INFO  Log:88 - TestCase - VerifyReportPageORR, started @ 2019-05-14 15:22:31.741  
------------------------------------------------------------------------------------------------------------------------- 
Description: Validate Filters Report Page. 
Test Steps: 
 Report Page Filter Validation

2019-05-14 15:24:09 INFO  Log:88 - TestCase - VerifyReportPageORR, started @ 2019-05-14 15:24:09.146  
------------------------------------------------------------------------------------------------------------------------- 
Description: Validate Filters Report Page. 
Test Steps: 
 Report Page Filter Validation

2019-05-14 15:24:23 ERROR ReportPageOperationsORR:82 - element click intercepted: Element <li class="">...</li> is not clickable at point (852, 200). Other element would receive the click: <div class="back-drop"></div>
  (Session info: chrome=74.0.3729.131)
  (Driver info: chromedriver=74.0.3729.6 (255758eccf3d244491b8a1317aa76e1ce10d57e9-refs/branch-heads/3729@{#29}),platform=Windows NT 6.1.7601 SP1 x86_64) (WARNING: The server did not provide any stacktrace information)
Command duration or timeout: 0 milliseconds
Build info: version: '3.141.59', revision: 'e82be7d358', time: '2018-11-14T08:17:03'
System info: host: 'TSD-PRATIKSHYA', ip: '192.168.10.168', os.name: 'Windows 7', os.arch: 'amd64', os.version: '6.1', java.version: '1.8.0_191'
Driver info: org.openqa.selenium.chrome.ChromeDriver
Capabilities {acceptInsecureCerts: false, acceptSslCerts: false, applicationCacheEnabled: false, browserConnectionEnabled: false, browserName: chrome, chrome: {chromedriverVersion: 74.0.3729.6 (255758eccf3d24..., userDataDir: C:\Users\PRATIK~1.S\AppData...}, cssSelectorsEnabled: true, databaseEnabled: false, goog:chromeOptions: {debuggerAddress: localhost:54643}, handlesAlerts: true, hasTouchScreen: false, javascriptEnabled: true, locationContextEnabled: true, mobileEmulationEnabled: false, nativeEvents: true, networkConnectionEnabled: false, pageLoadStrategy: normal, platform: XP, platformName: XP, proxy: Proxy(), rotatable: false, setWindowRect: true, strictFileInteractability: false, takesHeapSnapshot: true, takesScreenshot: true, timeouts: {implicit: 0, pageLoad: 300000, script: 30000}, unexpectedAlertBehaviour: ignore, unhandledPromptBehavior: ignore, version: 74.0.3729.131, webStorageEnabled: true}
Session ID: d0cb0a76a4b08cec5023853c302fec57
2019-05-14 15:26:06 INFO  Log:88 - TestCase - VerifyReportPageORR, started @ 2019-05-14 15:26:06.166  
------------------------------------------------------------------------------------------------------------------------- 
Description: Validate Filters Report Page. 
Test Steps: 
 Report Page Filter Validation

2019-05-14 15:27:42 INFO  Log:88 - TestCase - VerifyReportPageORR, started @ 2019-05-14 15:27:42.937  
------------------------------------------------------------------------------------------------------------------------- 
Description: Validate Filters Report Page. 
Test Steps: 
 Report Page Filter Validation

2019-05-14 15:27:57 ERROR ReportPageOperationsORR:82 - element click intercepted: Element <li class="">...</li> is not clickable at point (852, 200). Other element would receive the click: <div class="back-drop"></div>
  (Session info: chrome=74.0.3729.131)
  (Driver info: chromedriver=74.0.3729.6 (255758eccf3d244491b8a1317aa76e1ce10d57e9-refs/branch-heads/3729@{#29}),platform=Windows NT 6.1.7601 SP1 x86_64) (WARNING: The server did not provide any stacktrace information)
Command duration or timeout: 0 milliseconds
Build info: version: '3.141.59', revision: 'e82be7d358', time: '2018-11-14T08:17:03'
System info: host: 'TSD-PRATIKSHYA', ip: '192.168.10.168', os.name: 'Windows 7', os.arch: 'amd64', os.version: '6.1', java.version: '1.8.0_191'
Driver info: org.openqa.selenium.chrome.ChromeDriver
Capabilities {acceptInsecureCerts: false, acceptSslCerts: false, applicationCacheEnabled: false, browserConnectionEnabled: false, browserName: chrome, chrome: {chromedriverVersion: 74.0.3729.6 (255758eccf3d24..., userDataDir: C:\Users\PRATIK~1.S\AppData...}, cssSelectorsEnabled: true, databaseEnabled: false, goog:chromeOptions: {debuggerAddress: localhost:55005}, handlesAlerts: true, hasTouchScreen: false, javascriptEnabled: true, locationContextEnabled: true, mobileEmulationEnabled: false, nativeEvents: true, networkConnectionEnabled: false, pageLoadStrategy: normal, platform: XP, platformName: XP, proxy: Proxy(), rotatable: false, setWindowRect: true, strictFileInteractability: false, takesHeapSnapshot: true, takesScreenshot: true, timeouts: {implicit: 0, pageLoad: 300000, script: 30000}, unexpectedAlertBehaviour: ignore, unhandledPromptBehavior: ignore, version: 74.0.3729.131, webStorageEnabled: true}
Session ID: 4be09796da0c56dcf8c04df525810a75
2019-05-14 15:34:47 INFO  Log:88 - TestCase - VerifyReportPageORR, started @ 2019-05-14 15:34:47.750  
------------------------------------------------------------------------------------------------------------------------- 
Description: Validate Filters Report Page. 
Test Steps: 
 Report Page Filter Validation

2019-05-14 15:36:49 INFO  Log:88 - TestCase - VerifyReportPageORR, started @ 2019-05-14 15:36:49.812  
------------------------------------------------------------------------------------------------------------------------- 
Description: Validate Filters Report Page. 
Test Steps: 
 Report Page Filter Validation

2019-05-14 16:14:27 INFO  Log:88 - TestCase - VerifyReportPageORR, started @ 2019-05-14 16:14:27.070  
------------------------------------------------------------------------------------------------------------------------- 
Description: Validate Filters Report Page. 
Test Steps: 
 Report Page Filter Validation

2019-05-14 16:14:41 ERROR ReportPageOperationsORR:82 - element click intercepted: Element <li class="">...</li> is not clickable at point (852, 200). Other element would receive the click: <div class="back-drop"></div>
  (Session info: chrome=74.0.3729.131)
  (Driver info: chromedriver=74.0.3729.6 (255758eccf3d244491b8a1317aa76e1ce10d57e9-refs/branch-heads/3729@{#29}),platform=Windows NT 6.1.7601 SP1 x86_64) (WARNING: The server did not provide any stacktrace information)
Command duration or timeout: 0 milliseconds
Build info: version: '3.141.59', revision: 'e82be7d358', time: '2018-11-14T08:17:03'
System info: host: 'TSD-PRATIKSHYA', ip: '192.168.10.168', os.name: 'Windows 7', os.arch: 'amd64', os.version: '6.1', java.version: '1.8.0_191'
Driver info: org.openqa.selenium.chrome.ChromeDriver
Capabilities {acceptInsecureCerts: false, acceptSslCerts: false, applicationCacheEnabled: false, browserConnectionEnabled: false, browserName: chrome, chrome: {chromedriverVersion: 74.0.3729.6 (255758eccf3d24..., userDataDir: C:\Users\PRATIK~1.S\AppData...}, cssSelectorsEnabled: true, databaseEnabled: false, goog:chromeOptions: {debuggerAddress: localhost:58774}, handlesAlerts: true, hasTouchScreen: false, javascriptEnabled: true, locationContextEnabled: true, mobileEmulationEnabled: false, nativeEvents: true, networkConnectionEnabled: false, pageLoadStrategy: normal, platform: XP, platformName: XP, proxy: Proxy(), rotatable: false, setWindowRect: true, strictFileInteractability: false, takesHeapSnapshot: true, takesScreenshot: true, timeouts: {implicit: 0, pageLoad: 300000, script: 30000}, unexpectedAlertBehaviour: ignore, unhandledPromptBehavior: ignore, version: 74.0.3729.131, webStorageEnabled: true}
Session ID: 2b7847411c5bbfc3d4ca8042a89c6b74
2019-05-14 16:15:24 INFO  Log:88 - TestCase - VerifyReportPageORR, started @ 2019-05-14 16:15:24.288  
------------------------------------------------------------------------------------------------------------------------- 
Description: Validate Filters Report Page. 
Test Steps: 
 Report Page Filter Validation

2019-05-14 16:45:27 INFO  Log:88 - TestCase - VerifyReportPageORR, started @ 2019-05-14 16:45:27.786  
------------------------------------------------------------------------------------------------------------------------- 
Description: Validate Filters Report Page. 
Test Steps: 
 Report Page Filter Validation

2019-05-14 16:46:49 INFO  Log:88 - TestCase - VerifyReportPageORR, started @ 2019-05-14 16:46:49.252  
------------------------------------------------------------------------------------------------------------------------- 
Description: Validate Filters Report Page. 
Test Steps: 
 Report Page Filter Validation

2019-05-14 18:06:30 INFO  Log:88 - TestCase - VerifyReportPageORR, started @ 2019-05-14 18:06:30.120  
------------------------------------------------------------------------------------------------------------------------- 
Description: Validate Filters Report Page. 
Test Steps: 
 Report Page Filter Validation

2019-05-14 18:33:21 INFO  Log:88 - TestCase - VerifyReportPageORR, started @ 2019-05-14 18:33:21.455  
------------------------------------------------------------------------------------------------------------------------- 
Description: Validate Filters Report Page. 
Test Steps: 
 Report Page Filter Validation

2019-05-14 18:36:53 INFO  Log:88 - TestCase - VerifyReportPageORR, started @ 2019-05-14 18:36:53.028  
------------------------------------------------------------------------------------------------------------------------- 
Description: Validate Filters Report Page. 
Test Steps: 
 Report Page Filter Validation

2019-05-14 18:46:44 INFO  Log:88 - TestCase - VerifyReportPageORR, started @ 2019-05-14 18:46:44.895  
------------------------------------------------------------------------------------------------------------------------- 
Description: Validate Filters Report Page. 
Test Steps: 
 Report Page Filter Validation

2019-05-14 18:47:58 INFO  Log:88 - TestCase - VerifyReportPageORR, started @ 2019-05-14 18:47:58.209  
------------------------------------------------------------------------------------------------------------------------- 
Description: Validate Filters Report Page. 
Test Steps: 
 Report Page Filter Validation

2019-05-14 18:56:00 INFO  Log:88 - TestCase - VerifyReportPageORR, started @ 2019-05-14 18:56:00.134  
------------------------------------------------------------------------------------------------------------------------- 
Description: Validate Filters Report Page. 
Test Steps: 
 Report Page Filter Validation

2019-05-14 18:58:22 INFO  Log:88 - TestCase - VerifyReportPageORR, started @ 2019-05-14 18:58:22.153  
------------------------------------------------------------------------------------------------------------------------- 
Description: Validate Filters Report Page. 
Test Steps: 
 Report Page Filter Validation

2019-05-14 18:59:38 INFO  Log:88 - TestCase - VerifyReportPageORR, started @ 2019-05-14 18:59:38.857  
------------------------------------------------------------------------------------------------------------------------- 
Description: Validate Filters Report Page. 
Test Steps: 
 Report Page Filter Validation

2019-05-14 18:59:53 ERROR ReportPageOperationsORR:82 - element click intercepted: Element <div class="single-filter-text">...</div> is not clickable at point (565, 162). Other element would receive the click: <div class="display-loading-main" style="display: block;">...</div>
  (Session info: chrome=74.0.3729.131)
  (Driver info: chromedriver=74.0.3729.6 (255758eccf3d244491b8a1317aa76e1ce10d57e9-refs/branch-heads/3729@{#29}),platform=Windows NT 6.1.7601 SP1 x86_64) (WARNING: The server did not provide any stacktrace information)
Command duration or timeout: 0 milliseconds
Build info: version: '3.141.59', revision: 'e82be7d358', time: '2018-11-14T08:17:03'
System info: host: 'TSD-PRATIKSHYA', ip: '192.168.10.168', os.name: 'Windows 7', os.arch: 'amd64', os.version: '6.1', java.version: '1.8.0_191'
Driver info: org.openqa.selenium.chrome.ChromeDriver
Capabilities {acceptInsecureCerts: false, acceptSslCerts: false, applicationCacheEnabled: false, browserConnectionEnabled: false, browserName: chrome, chrome: {chromedriverVersion: 74.0.3729.6 (255758eccf3d24..., userDataDir: C:\Users\PRATIK~1.S\AppData...}, cssSelectorsEnabled: true, databaseEnabled: false, goog:chromeOptions: {debuggerAddress: localhost:53830}, handlesAlerts: true, hasTouchScreen: false, javascriptEnabled: true, locationContextEnabled: true, mobileEmulationEnabled: false, nativeEvents: true, networkConnectionEnabled: false, pageLoadStrategy: normal, platform: XP, platformName: XP, proxy: Proxy(), rotatable: false, setWindowRect: true, strictFileInteractability: false, takesHeapSnapshot: true, takesScreenshot: true, timeouts: {implicit: 0, pageLoad: 300000, script: 30000}, unexpectedAlertBehaviour: ignore, unhandledPromptBehavior: ignore, version: 74.0.3729.131, webStorageEnabled: true}
Session ID: 4bc90384b2de46b0bf0dd66168f9a6c3
2019-05-14 19:01:06 INFO  Log:88 - TestCase - VerifyReportPageORR, started @ 2019-05-14 19:01:06.540  
------------------------------------------------------------------------------------------------------------------------- 
Description: Validate Filters Report Page. 
Test Steps: 
 Report Page Filter Validation

2019-05-15 10:00:49 INFO  Log:88 - TestCase - VerifyReportPageORR, started @ 2019-05-15 10:00:49.862  
------------------------------------------------------------------------------------------------------------------------- 
Description: Validate Filters Report Page. 
Test Steps: 
 Report Page Filter Validation

2019-05-15 10:00:56 ERROR ReportPageOperationsORR:82 - element click intercepted: Element <div class="single-filter-text">...</div> is not clickable at point (565, 162). Other element would receive the click: <div class="display-loading-main" style="display: block;">...</div>
  (Session info: chrome=74.0.3729.131)
  (Driver info: chromedriver=74.0.3729.6 (255758eccf3d244491b8a1317aa76e1ce10d57e9-refs/branch-heads/3729@{#29}),platform=Windows NT 6.1.7601 SP1 x86_64) (WARNING: The server did not provide any stacktrace information)
Command duration or timeout: 0 milliseconds
Build info: version: '3.141.59', revision: 'e82be7d358', time: '2018-11-14T08:17:03'
System info: host: 'TSD-PRATIKSHYA', ip: '192.168.10.168', os.name: 'Windows 7', os.arch: 'amd64', os.version: '6.1', java.version: '1.8.0_191'
Driver info: org.openqa.selenium.chrome.ChromeDriver
Capabilities {acceptInsecureCerts: false, acceptSslCerts: false, applicationCacheEnabled: false, browserConnectionEnabled: false, browserName: chrome, chrome: {chromedriverVersion: 74.0.3729.6 (255758eccf3d24..., userDataDir: C:\Users\PRATIK~1.S\AppData...}, cssSelectorsEnabled: true, databaseEnabled: false, goog:chromeOptions: {debuggerAddress: localhost:51584}, handlesAlerts: true, hasTouchScreen: false, javascriptEnabled: true, locationContextEnabled: true, mobileEmulationEnabled: false, nativeEvents: true, networkConnectionEnabled: false, pageLoadStrategy: normal, platform: XP, platformName: XP, proxy: Proxy(), rotatable: false, setWindowRect: true, strictFileInteractability: false, takesHeapSnapshot: true, takesScreenshot: true, timeouts: {implicit: 0, pageLoad: 300000, script: 30000}, unexpectedAlertBehaviour: ignore, unhandledPromptBehavior: ignore, version: 74.0.3729.131, webStorageEnabled: true}
Session ID: e2dcad6a9c3d66797fe297cd0fea1549
2019-05-15 10:07:29 INFO  Log:88 - TestCase - VerifyReportPageORR, started @ 2019-05-15 10:07:29.731  
------------------------------------------------------------------------------------------------------------------------- 
Description: Validate Filters Report Page. 
Test Steps: 
 Report Page Filter Validation

2019-05-15 15:16:05 INFO  Log:88 - TestCase - VerifyReportPageORR, started @ 2019-05-15 15:16:05.513  
------------------------------------------------------------------------------------------------------------------------- 
Description: Validate Filters Report Page. 
Test Steps: 
 Report Page Filter Validation

