<?xml version="1.0" encoding="UTF-8"?>
<testng-results skipped="0" failed="1" ignored="0" total="1" passed="0">
  <reporter-output>
    <line>
      <![CDATA[1---->>>>Login Functionality :true]]>
    </line>
  </reporter-output>
  <suite name="Default suite" duration-ms="34709" started-at="2019-05-15T04:30:39Z" finished-at="2019-05-15T04:31:14Z">
    <groups>
    </groups>
    <test name="Default test" duration-ms="34709" started-at="2019-05-15T04:30:39Z" finished-at="2019-05-15T04:31:14Z">
      <class name="com.benchmark.testcases.home.VerifyReportPageORR">
        <test-method status="PASS" signature="beforeClass()[pri:0, instance:com.benchmark.testcases.home.VerifyReportPageORR@3159c4b8]" name="beforeClass" is-config="true" duration-ms="10290" started-at="2019-05-15T04:30:39Z" finished-at="2019-05-15T04:30:50Z">
          <reporter-output>
          </reporter-output>
        </test-method> <!-- beforeClass -->
        <test-method status="PASS" signature="beforeMethod()[pri:0, instance:com.benchmark.testcases.home.VerifyReportPageORR@3159c4b8]" name="beforeMethod" is-config="true" duration-ms="4003" started-at="2019-05-15T04:30:50Z" finished-at="2019-05-15T04:30:54Z">
          <reporter-output>
          </reporter-output>
        </test-method> <!-- beforeMethod -->
        <test-method status="FAIL" signature="verifyReport_TC2()[pri:0, instance:com.benchmark.testcases.home.VerifyReportPageORR@3159c4b8]" name="verifyReport_TC2" duration-ms="20392" started-at="2019-05-15T04:30:54Z" description="Validate Filters Report Page" finished-at="2019-05-15T04:31:14Z">
          <exception class="java.lang.AssertionError">
            <message>
              <![CDATA[Report Functionality : Fail expected [true] but found [false]]]>
            </message>
            <full-stacktrace>
              <![CDATA[java.lang.AssertionError: Report Functionality : Fail expected [true] but found [false]
at org.testng.Assert.fail(Assert.java:96)
at org.testng.Assert.failNotEquals(Assert.java:776)
at org.testng.Assert.assertTrue(Assert.java:44)
at com.benchmark.testcases.home.VerifyReportPageORR.verifyReport_TC2(VerifyReportPageORR.java:28)
at sun.reflect.NativeMethodAccessorImpl.invoke0(Native Method)
at sun.reflect.NativeMethodAccessorImpl.invoke(NativeMethodAccessorImpl.java:62)
at sun.reflect.DelegatingMethodAccessorImpl.invoke(DelegatingMethodAccessorImpl.java:43)
at java.lang.reflect.Method.invoke(Method.java:498)
at org.testng.internal.MethodInvocationHelper.invokeMethod(MethodInvocationHelper.java:124)
at org.testng.internal.Invoker.invokeMethod(Invoker.java:580)
at org.testng.internal.Invoker.invokeTestMethod(Invoker.java:716)
at org.testng.internal.Invoker.invokeTestMethods(Invoker.java:988)
at org.testng.internal.TestMethodWorker.invokeTestMethods(TestMethodWorker.java:125)
at org.testng.internal.TestMethodWorker.run(TestMethodWorker.java:109)
at org.testng.TestRunner.privateRun(TestRunner.java:648)
at org.testng.TestRunner.run(TestRunner.java:505)
at org.testng.SuiteRunner.runTest(SuiteRunner.java:455)
at org.testng.SuiteRunner.runSequentially(SuiteRunner.java:450)
at org.testng.SuiteRunner.privateRun(SuiteRunner.java:415)
at org.testng.SuiteRunner.run(SuiteRunner.java:364)
at org.testng.SuiteRunnerWorker.runSuite(SuiteRunnerWorker.java:52)
at org.testng.SuiteRunnerWorker.run(SuiteRunnerWorker.java:84)
at org.testng.TestNG.runSuitesSequentially(TestNG.java:1208)
at org.testng.TestNG.runSuitesLocally(TestNG.java:1137)
at org.testng.TestNG.runSuites(TestNG.java:1049)
at org.testng.TestNG.run(TestNG.java:1017)
at org.testng.remote.AbstractRemoteTestNG.run(AbstractRemoteTestNG.java:114)
at org.testng.remote.RemoteTestNG.initAndRun(RemoteTestNG.java:251)
at org.testng.remote.RemoteTestNG.main(RemoteTestNG.java:77)
]]>
            </full-stacktrace>
          </exception> <!-- java.lang.AssertionError -->
          <reporter-output>
            <line>
              <![CDATA[1---->>>>Login Functionality :true]]>
            </line>
          </reporter-output>
        </test-method> <!-- verifyReport_TC2 -->
        <test-method status="PASS" signature="afterMethod()[pri:0, instance:com.benchmark.testcases.home.VerifyReportPageORR@3159c4b8]" name="afterMethod" is-config="true" duration-ms="1" started-at="2019-05-15T04:31:14Z" finished-at="2019-05-15T04:31:14Z">
          <reporter-output>
          </reporter-output>
        </test-method> <!-- afterMethod -->
        <test-method status="PASS" signature="afterClass()[pri:0, instance:com.benchmark.testcases.home.VerifyReportPageORR@3159c4b8]" name="afterClass" is-config="true" duration-ms="0" started-at="2019-05-15T04:31:14Z" finished-at="2019-05-15T04:31:14Z">
          <reporter-output>
          </reporter-output>
        </test-method> <!-- afterClass -->
      </class> <!-- com.benchmark.testcases.home.VerifyReportPageORR -->
    </test> <!-- Default test -->
  </suite> <!-- Default suite -->
</testng-results>
